autoscan: warning: missing AC_FUNC_MALLOC wanted by: 
	src/cybergarage/x3d/FileTarga.cpp:84
	src/cybergarage/x3d/Parser.cpp:44
	src/cybergarage/x3d/VRML97.l:537
	src/cybergarage/x3d/VRML97.l:538
	src/cybergarage/x3d/VRML97.l:541
	src/cybergarage/x3d/VRML97.yy.cpp:3778
	src/cybergarage/x3d/VRML97.yy.cpp:3843
	src/cybergarage/x3d/VRML97.yy.cpp:3844
	src/cybergarage/x3d/VRML97.yy.cpp:3847
autoscan: warning: missing AC_FUNC_REALLOC wanted by: 
	src/cybergarage/x3d/FileGIF89a.cpp:132
	src/cybergarage/x3d/FileGIF89a.cpp:169
	src/cybergarage/x3d/VRML97.yy.cpp:3796
autoscan: warning: missing AC_HEADER_STDBOOL wanted by: 
	src/cybergarage/x3d/AnchorNode.cpp:180
	src/cybergarage/x3d/AnchorNode.cpp:185
	src/cybergarage/x3d/AnchorNode.cpp:190
	src/cybergarage/x3d/AnchorNode.cpp:213
	src/cybergarage/x3d/AppearanceNode.cpp:118
	src/cybergarage/x3d/Arc2DNode.cpp:127
	src/cybergarage/x3d/ArcClose2DNode.cpp:75
	src/cybergarage/x3d/AudioClipNode.cpp:59
	src/cybergarage/x3d/AudioClipNode.cpp:69
	src/cybergarage/x3d/AudioClipNode.cpp:74
	src/cybergarage/x3d/AudioClipNode.cpp:139
	src/cybergarage/x3d/AudioClipNode.cpp:238
	src/cybergarage/x3d/AudioClipNode.cpp:239
	src/cybergarage/x3d/BackgroundNode.cpp:343
	src/cybergarage/x3d/BillboardNode.cpp:83
	src/cybergarage/x3d/BindableNode.cpp:45
	src/cybergarage/x3d/BindableNode.cpp:50
	src/cybergarage/x3d/BindableNode.cpp:55
	src/cybergarage/x3d/BindableNode.cpp:92
	src/cybergarage/x3d/BindableNode.cpp:97
	src/cybergarage/x3d/BindableNode.cpp:102
	src/cybergarage/x3d/BooleanFilterNode.cpp:62
	src/cybergarage/x3d/BooleanFilterNode.cpp:67
	src/cybergarage/x3d/BooleanFilterNode.cpp:72
	src/cybergarage/x3d/BooleanFilterNode.cpp:88
	src/cybergarage/x3d/BooleanFilterNode.cpp:93
	src/cybergarage/x3d/BooleanFilterNode.cpp:98
	src/cybergarage/x3d/BooleanFilterNode.cpp:114
	src/cybergarage/x3d/BooleanFilterNode.cpp:119
	src/cybergarage/x3d/BooleanFilterNode.cpp:124
	src/cybergarage/x3d/BooleanFilterNode.cpp:140
	src/cybergarage/x3d/BooleanFilterNode.cpp:145
	src/cybergarage/x3d/BooleanFilterNode.cpp:150
	src/cybergarage/x3d/BooleanFilterNode.cpp:159
	src/cybergarage/x3d/BooleanSequencerNode.cpp:44
	src/cybergarage/x3d/BooleanSequencerNode.cpp:54
	src/cybergarage/x3d/BooleanSequencerNode.cpp:70
	src/cybergarage/x3d/BooleanSequencerNode.cpp:75
	src/cybergarage/x3d/BooleanSequencerNode.cpp:84
	src/cybergarage/x3d/BooleanTimeTriggerNode.cpp:57
	src/cybergarage/x3d/BooleanTimeTriggerNode.cpp:62
	src/cybergarage/x3d/BooleanTimeTriggerNode.cpp:78
	src/cybergarage/x3d/BooleanTimeTriggerNode.cpp:83
	src/cybergarage/x3d/BooleanTimeTriggerNode.cpp:99
	src/cybergarage/x3d/BooleanTimeTriggerNode.cpp:104
	src/cybergarage/x3d/BooleanTimeTriggerNode.cpp:120
	src/cybergarage/x3d/BooleanTimeTriggerNode.cpp:125
	src/cybergarage/x3d/BooleanTimeTriggerNode.cpp:148
	src/cybergarage/x3d/BooleanToggleNode.cpp:52
	src/cybergarage/x3d/BooleanToggleNode.cpp:57
	src/cybergarage/x3d/BooleanToggleNode.cpp:62
	src/cybergarage/x3d/BooleanToggleNode.cpp:78
	src/cybergarage/x3d/BooleanToggleNode.cpp:83
	src/cybergarage/x3d/BooleanToggleNode.cpp:88
	src/cybergarage/x3d/BooleanToggleNode.cpp:97
	src/cybergarage/x3d/BooleanTriggerNode.cpp:73
	src/cybergarage/x3d/BooleanTriggerNode.cpp:78
	src/cybergarage/x3d/BooleanTriggerNode.cpp:87
	src/cybergarage/x3d/BoxNode.cpp:90
	src/cybergarage/x3d/Circle2DNode.cpp:73
	src/cybergarage/x3d/CollisionNode.cpp:50
	src/cybergarage/x3d/CollisionNode.cpp:60
	src/cybergarage/x3d/CollisionNode.cpp:104
	src/cybergarage/x3d/ColorInterpolatorNode.cpp:86
	src/cybergarage/x3d/ColorNode.cpp:66
	src/cybergarage/x3d/ColorRGBANode.cpp:66
	src/cybergarage/x3d/ComposedGeometryNode.cpp:131
	src/cybergarage/x3d/ComposedGeometryNode.cpp:141
	src/cybergarage/x3d/ComposedGeometryNode.cpp:157
	src/cybergarage/x3d/ComposedGeometryNode.cpp:167
	src/cybergarage/x3d/ComposedGeometryNode.cpp:183
	src/cybergarage/x3d/ComposedGeometryNode.cpp:193
	src/cybergarage/x3d/ComposedGeometryNode.cpp:209
	src/cybergarage/x3d/ComposedGeometryNode.cpp:219
	src/cybergarage/x3d/ConeNode.cpp:102
	src/cybergarage/x3d/ConeNode.cpp:112
	src/cybergarage/x3d/ConeNode.cpp:128
	src/cybergarage/x3d/ConeNode.cpp:138
	src/cybergarage/x3d/ConeNode.cpp:161
	src/cybergarage/x3d/CoordinateInterpolator2DNode.cpp:84
	src/cybergarage/x3d/CoordinateInterpolatorNode.cpp:85
	src/cybergarage/x3d/CoordinateNode.cpp:99
	src/cybergarage/x3d/CylinderNode.cpp:105
	src/cybergarage/x3d/CylinderNode.cpp:115
	src/cybergarage/x3d/CylinderNode.cpp:131
	src/cybergarage/x3d/CylinderNode.cpp:141
	src/cybergarage/x3d/CylinderNode.cpp:157
	src/cybergarage/x3d/CylinderNode.cpp:167
	src/cybergarage/x3d/CylinderNode.cpp:190
	src/cybergarage/x3d/CylinderSensorNode.cpp:180
	src/cybergarage/x3d/DEFNode.cpp:43
	src/cybergarage/x3d/DirectionalLightNode.cpp:79
	src/cybergarage/x3d/Disk2DNode.cpp:101
	src/cybergarage/x3d/DragSensorNode.cpp:46
	src/cybergarage/x3d/DragSensorNode.cpp:56
	src/cybergarage/x3d/DragSensorNode.cpp:61
	src/cybergarage/x3d/ElevationGridNode.cpp:214
	src/cybergarage/x3d/ElevationGridNode.cpp:377
	src/cybergarage/x3d/ElevationGridNode.cpp:378
	src/cybergarage/x3d/ElevationGridNode.cpp:380
	src/cybergarage/x3d/ElevationGridNode.cpp:386
	src/cybergarage/x3d/ExtrusionNode.cpp:118
	src/cybergarage/x3d/ExtrusionNode.cpp:128
	src/cybergarage/x3d/ExtrusionNode.cpp:144
	src/cybergarage/x3d/ExtrusionNode.cpp:154
	src/cybergarage/x3d/ExtrusionNode.cpp:170
	src/cybergarage/x3d/ExtrusionNode.cpp:180
	src/cybergarage/x3d/ExtrusionNode.cpp:196
	src/cybergarage/x3d/ExtrusionNode.cpp:206
	src/cybergarage/x3d/ExtrusionNode.cpp:223
	src/cybergarage/x3d/ExtrusionNode.cpp:233
	src/cybergarage/x3d/ExtrusionNode.cpp:401
	src/cybergarage/x3d/ExtrusionNode.cpp:553
	src/cybergarage/x3d/ExtrusionNode.cpp:559
	src/cybergarage/x3d/ExtrusionNode.cpp:577
	src/cybergarage/x3d/FileGIF89a.cpp:44
	src/cybergarage/x3d/FileGIF89a.cpp:57
	src/cybergarage/x3d/FileGIF89a.cpp:68
	src/cybergarage/x3d/FileGIF89a.cpp:91
	src/cybergarage/x3d/FileImage.cpp:25
	src/cybergarage/x3d/FileJPEG.cpp:46
	src/cybergarage/x3d/FilePNG.cpp:21
	src/cybergarage/x3d/FilePNG.cpp:39
	src/cybergarage/x3d/FileTarga.cpp:54
	src/cybergarage/x3d/FileTarga.cpp:95
	src/cybergarage/x3d/FillPropertiesNode.cpp:135
	src/cybergarage/x3d/FogNode.cpp:127
	src/cybergarage/x3d/FontStyleNode.cpp:161
	src/cybergarage/x3d/FontStyleNode.cpp:171
	src/cybergarage/x3d/FontStyleNode.cpp:187
	src/cybergarage/x3d/FontStyleNode.cpp:197
	src/cybergarage/x3d/FontStyleNode.cpp:213
	src/cybergarage/x3d/FontStyleNode.cpp:223
	src/cybergarage/x3d/FontStyleNode.cpp:293
	src/cybergarage/x3d/GroupNode.cpp:40
	src/cybergarage/x3d/ImageTextureNode.cpp:98
	src/cybergarage/x3d/ImageTextureNode.cpp:116
	src/cybergarage/x3d/IndexedFaceSetNode.cpp:116
	src/cybergarage/x3d/IndexedFaceSetNode.cpp:126
	src/cybergarage/x3d/IndexedFaceSetNode.cpp:260
	src/cybergarage/x3d/IndexedFaceSetNode.cpp:384
	src/cybergarage/x3d/IndexedFaceSetNode.cpp:501
	src/cybergarage/x3d/IndexedFaceSetNode.cpp:502
	src/cybergarage/x3d/IndexedFaceSetNode.cpp:504
	src/cybergarage/x3d/IndexedFaceSetNode.cpp:510
	src/cybergarage/x3d/IndexedFaceSetNode.cpp:516
	src/cybergarage/x3d/IndexedFaceSetNode.cpp:526
	src/cybergarage/x3d/IndexedFaceSetNode.cpp:527
	src/cybergarage/x3d/IndexedFaceSetNode.cpp:801
	src/cybergarage/x3d/IndexedFaceSetNode.cpp:823
	src/cybergarage/x3d/IndexedLineSetNode.cpp:121
	src/cybergarage/x3d/IndexedLineSetNode.cpp:131
	src/cybergarage/x3d/IndexedLineSetNode.cpp:245
	src/cybergarage/x3d/IndexedLineSetNode.cpp:382
	src/cybergarage/x3d/IndexedLineSetNode.cpp:383
	src/cybergarage/x3d/InlineNode.cpp:94
	src/cybergarage/x3d/InlineNode.cpp:99
	src/cybergarage/x3d/InlineNode.cpp:104
	src/cybergarage/x3d/InlineNode.cpp:127
	src/cybergarage/x3d/IntegerSequencerNode.cpp:85
	src/cybergarage/x3d/IntegerTriggerNode.cpp:52
	src/cybergarage/x3d/IntegerTriggerNode.cpp:57
	src/cybergarage/x3d/IntegerTriggerNode.cpp:62
	src/cybergarage/x3d/IntegerTriggerNode.cpp:113
	src/cybergarage/x3d/KeyDeviceSensorNode.cpp:69
	src/cybergarage/x3d/KeyDeviceSensorNode.cpp:79
	src/cybergarage/x3d/KeyDeviceSensorNode.cpp:95
	src/cybergarage/x3d/KeyDeviceSensorNode.cpp:105
	src/cybergarage/x3d/KeyDeviceSensorNode.cpp:121
	src/cybergarage/x3d/KeyDeviceSensorNode.cpp:131
	src/cybergarage/x3d/KeySensorNode.cpp:43
	src/cybergarage/x3d/LightNode.cpp:82
	src/cybergarage/x3d/LightNode.cpp:92
	src/cybergarage/x3d/LinePropertiesNode.cpp:103
	src/cybergarage/x3d/LoadSensorNode.cpp:85
	src/cybergarage/x3d/LoadSensorNode.cpp:90
	src/cybergarage/x3d/LoadSensorNode.cpp:95
	src/cybergarage/x3d/LoadSensorNode.cpp:132
	src/cybergarage/x3d/LoadSensorNode.cpp:137
	src/cybergarage/x3d/LoadSensorNode.cpp:142
	src/cybergarage/x3d/LoadSensorNode.cpp:158
	src/cybergarage/x3d/LoadSensorNode.cpp:163
	src/cybergarage/x3d/LoadSensorNode.cpp:168
	src/cybergarage/x3d/LoadSensorNode.cpp:233
	src/cybergarage/x3d/LODNode.cpp:107
	src/cybergarage/x3d/MaterialNode.cpp:219
	src/cybergarage/x3d/MathUtil.cpp:114
	src/cybergarage/x3d/MFBool.cpp:20
	src/cybergarage/x3d/MFBool.cpp:38
	src/cybergarage/x3d/MFBool.cpp:44
	src/cybergarage/x3d/MFBool.cpp:53
	src/cybergarage/x3d/MFBool.cpp:76
	src/cybergarage/x3d/MovieTextureNode.cpp:108
	src/cybergarage/x3d/MovieTextureNode.cpp:118
	src/cybergarage/x3d/MovieTextureNode.cpp:123
	src/cybergarage/x3d/MovieTextureNode.cpp:202
	src/cybergarage/x3d/MovieTextureNode.cpp:207
	src/cybergarage/x3d/MovieTextureNode.cpp:212
	src/cybergarage/x3d/MovieTextureNode.cpp:256
	src/cybergarage/x3d/MultiTextureCoordinateNode.cpp:66
	src/cybergarage/x3d/MultiTextureNode.cpp:107
	src/cybergarage/x3d/MultiTextureNode.cpp:112
	src/cybergarage/x3d/MultiTextureNode.cpp:117
	src/cybergarage/x3d/MultiTextureNode.cpp:133
	src/cybergarage/x3d/MultiTextureNode.cpp:138
	src/cybergarage/x3d/MultiTextureNode.cpp:143
	src/cybergarage/x3d/MultiTextureNode.cpp:159
	src/cybergarage/x3d/MultiTextureNode.cpp:164
	src/cybergarage/x3d/MultiTextureNode.cpp:169
	src/cybergarage/x3d/MultiTextureNode.cpp:185
	src/cybergarage/x3d/MultiTextureNode.cpp:190
	src/cybergarage/x3d/MultiTextureNode.cpp:195
	src/cybergarage/x3d/MultiTextureNode.cpp:291
	src/cybergarage/x3d/MultiTextureTransformNode.cpp:66
	src/cybergarage/x3d/NavigationInfoNode.cpp:112
	src/cybergarage/x3d/NavigationInfoNode.cpp:122
	src/cybergarage/x3d/NavigationInfoNode.cpp:173
	src/cybergarage/x3d/Node.cpp:34
	src/cybergarage/x3d/Node.cpp:131
	src/cybergarage/x3d/Node.cpp:164
	src/cybergarage/x3d/Node.cpp:170
	src/cybergarage/x3d/Node.cpp:350
	src/cybergarage/x3d/Node.cpp:732
	src/cybergarage/x3d/Node.cpp:737
	src/cybergarage/x3d/Node.cpp:839
	src/cybergarage/x3d/Node.cpp:851
	src/cybergarage/x3d/Node.cpp:862
	src/cybergarage/x3d/Node.cpp:927
	src/cybergarage/x3d/Node.cpp:934
	src/cybergarage/x3d/Node.cpp:939
	src/cybergarage/x3d/Node.cpp:944
	src/cybergarage/x3d/Node.cpp:1118
	src/cybergarage/x3d/Node.cpp:1133
	src/cybergarage/x3d/Node.cpp:1142
	src/cybergarage/x3d/Node.cpp:1225
	src/cybergarage/x3d/NodeSequencerNode.cpp:84
	src/cybergarage/x3d/NormalInterpolatorNode.cpp:85
	src/cybergarage/x3d/NormalNode.cpp:65
	src/cybergarage/x3d/OrientationInterpolatorNode.cpp:85
	src/cybergarage/x3d/Parser.cpp:61
	src/cybergarage/x3d/Parser.cpp:68
	src/cybergarage/x3d/PixelTextureNode.cpp:82
	src/cybergarage/x3d/PlaneSensorNode.cpp:179
	src/cybergarage/x3d/PointLightNode.cpp:137
	src/cybergarage/x3d/PointSetNode.cpp:43
	src/cybergarage/x3d/Polyline2DNode.cpp:105
	src/cybergarage/x3d/Polypoint2DNode.cpp:105
	src/cybergarage/x3d/PositionInterpolator2DNode.cpp:85
	src/cybergarage/x3d/PositionInterpolatorNode.cpp:85
	src/cybergarage/x3d/PROTO.cpp:25
	src/cybergarage/x3d/PROTO.cpp:49
	src/cybergarage/x3d/PROTO.cpp:63
	src/cybergarage/x3d/PROTO.cpp:91
	src/cybergarage/x3d/PROTO.cpp:238
	src/cybergarage/x3d/PROTO.cpp:334
	src/cybergarage/x3d/PROTO.cpp:376
	src/cybergarage/x3d/ProximitySensorNode.cpp:108
	src/cybergarage/x3d/ProximitySensorNode.cpp:113
	src/cybergarage/x3d/ProximitySensorNode.cpp:136
	src/cybergarage/x3d/ProximitySensorNode.cpp:177
	src/cybergarage/x3d/Rectangle2DNode.cpp:102
	src/cybergarage/x3d/Rectangle2DNode.cpp:112
	src/cybergarage/x3d/Rectangle2DNode.cpp:117
	src/cybergarage/x3d/Rectangle2DNode.cpp:140
	src/cybergarage/x3d/RootNode.cpp:29
	src/cybergarage/x3d/Route.cpp:88
	src/cybergarage/x3d/Route.cpp:93
	src/cybergarage/x3d/Route.cpp:178
	src/cybergarage/x3d/RouteNode.cpp:139
	src/cybergarage/x3d/ScalarInterpolatorNode.cpp:85
	src/cybergarage/x3d/Scene.cpp:28
	src/cybergarage/x3d/Scene.cpp:35
	src/cybergarage/x3d/Scene.cpp:102
	src/cybergarage/x3d/SceneGraph.cpp:161
	src/cybergarage/x3d/SceneGraph.cpp:161
	src/cybergarage/x3d/SceneGraph.cpp:167
	src/cybergarage/x3d/SceneGraph.cpp:167
	src/cybergarage/x3d/SceneGraph.cpp:194
	src/cybergarage/x3d/SceneGraph.cpp:250
	src/cybergarage/x3d/SceneGraph.cpp:278
	src/cybergarage/x3d/SceneGraph.cpp:569
	src/cybergarage/x3d/SceneGraph.cpp:609
	src/cybergarage/x3d/SceneNode.cpp:40
	src/cybergarage/x3d/ScriptNode.cpp:67
	src/cybergarage/x3d/ScriptNode.cpp:77
	src/cybergarage/x3d/ScriptNode.cpp:93
	src/cybergarage/x3d/ScriptNode.cpp:103
	src/cybergarage/x3d/ScriptNode.cpp:157
	src/cybergarage/x3d/SensorNode.cpp:41
	src/cybergarage/x3d/SensorNode.cpp:51
	src/cybergarage/x3d/SensorNode.cpp:56
	src/cybergarage/x3d/SensorNode.cpp:72
	src/cybergarage/x3d/SensorNode.cpp:82
	src/cybergarage/x3d/SensorNode.cpp:87
	src/cybergarage/x3d/SFBool.cpp:22
	src/cybergarage/x3d/SFBool.cpp:57
	src/cybergarage/x3d/SFBool.cpp:72
	src/cybergarage/x3d/SFBool.cpp:113
	src/cybergarage/x3d/SFChar.cpp:85
	src/cybergarage/x3d/SFColor.cpp:200
	src/cybergarage/x3d/SFColorRGBA.cpp:213
	src/cybergarage/x3d/SFDouble.cpp:83
	src/cybergarage/x3d/SFFloat.cpp:93
	src/cybergarage/x3d/SFInt32.cpp:93
	src/cybergarage/x3d/SFNode.cpp:92
	src/cybergarage/x3d/SFRotation.cpp:203
	src/cybergarage/x3d/SFRotation.cpp:212
	src/cybergarage/x3d/SFRotation.cpp:218
	src/cybergarage/x3d/SFString.cpp:102
	src/cybergarage/x3d/SFTime.cpp:111
	src/cybergarage/x3d/SFVec2d.cpp:242
	src/cybergarage/x3d/SFVec2d.cpp:251
	src/cybergarage/x3d/SFVec2d.cpp:257
	src/cybergarage/x3d/SFVec2f.cpp:253
	src/cybergarage/x3d/SFVec2f.cpp:262
	src/cybergarage/x3d/SFVec2f.cpp:268
	src/cybergarage/x3d/SFVec3d.cpp:270
	src/cybergarage/x3d/SFVec3d.cpp:279
	src/cybergarage/x3d/SFVec3d.cpp:285
	src/cybergarage/x3d/SFVec3f.cpp:281
	src/cybergarage/x3d/SFVec3f.cpp:290
	src/cybergarage/x3d/SFVec3f.cpp:296
	src/cybergarage/x3d/Shape2DNode.cpp:76
	src/cybergarage/x3d/ShapeNode.cpp:89
	src/cybergarage/x3d/SoundNode.cpp:282
	src/cybergarage/x3d/SoundNode.cpp:292
	src/cybergarage/x3d/SoundNode.cpp:315
	src/cybergarage/x3d/SoundSourceNode.cpp:104
	src/cybergarage/x3d/SoundSourceNode.cpp:109
	src/cybergarage/x3d/SoundSourceNode.cpp:114
	src/cybergarage/x3d/SphereNode.cpp:79
	src/cybergarage/x3d/SphereSensorNode.cpp:105
	src/cybergarage/x3d/SpotLightNode.cpp:219
	src/cybergarage/x3d/StaticGroupNode.cpp:40
	src/cybergarage/x3d/StringSensorNode.cpp:174
	src/cybergarage/x3d/StringUtil.cpp:308
	src/cybergarage/x3d/SwitchNode.cpp:75
	src/cybergarage/x3d/TextNode.cpp:163
	src/cybergarage/x3d/Texture2DNode.cpp:77
	src/cybergarage/x3d/Texture2DNode.cpp:87
	src/cybergarage/x3d/Texture2DNode.cpp:103
	src/cybergarage/x3d/Texture2DNode.cpp:113
	src/cybergarage/x3d/Texture2DNode.cpp:156
	src/cybergarage/x3d/Texture2DNode.cpp:161
	src/cybergarage/x3d/TextureCoordinateGeneratorNode.cpp:102
	src/cybergarage/x3d/TextureCoordinateNode.cpp:65
	src/cybergarage/x3d/TextureTransformNode.cpp:167
	src/cybergarage/x3d/TimeSensorNode.cpp:103
	src/cybergarage/x3d/TimeSensorNode.cpp:113
	src/cybergarage/x3d/TimeSensorNode.cpp:118
	src/cybergarage/x3d/TimeSensorNode.cpp:260
	src/cybergarage/x3d/TimeSensorNode.cpp:270
	src/cybergarage/x3d/TimeSensorNode.cpp:275
	src/cybergarage/x3d/TimeSensorNode.cpp:382
	src/cybergarage/x3d/TimeSensorNode.cpp:421
	src/cybergarage/x3d/TimeSensorNode.cpp:422
	src/cybergarage/x3d/TimeSensorNode.cpp:423
	src/cybergarage/x3d/TimeTriggerNode.cpp:48
	src/cybergarage/x3d/TimeTriggerNode.cpp:53
	src/cybergarage/x3d/TimeTriggerNode.cpp:58
	src/cybergarage/x3d/TimeTriggerNode.cpp:88
	src/cybergarage/x3d/TouchSensorNode.cpp:56
	src/cybergarage/x3d/TouchSensorNode.cpp:66
	src/cybergarage/x3d/TouchSensorNode.cpp:71
	src/cybergarage/x3d/TouchSensorNode.cpp:193
	src/cybergarage/x3d/Transform2DNode.cpp:168
	src/cybergarage/x3d/TransformNode.cpp:201
	src/cybergarage/x3d/TriangleFanSetNode.cpp:86
	src/cybergarage/x3d/TriangleSet2DNode.cpp:105
	src/cybergarage/x3d/TriangleSetNode.cpp:56
	src/cybergarage/x3d/TriangleSetNode.cpp:66
	src/cybergarage/x3d/TriangleSetNode.cpp:110
	src/cybergarage/x3d/TriangleStripSetNode.cpp:86
	src/cybergarage/x3d/UrlFile.cpp:132
	src/cybergarage/x3d/UrlFile.cpp:207
	src/cybergarage/x3d/UrlFile.cpp:213
	src/cybergarage/x3d/ViewpointNode.cpp:61
	src/cybergarage/x3d/ViewpointNode.cpp:71
	src/cybergarage/x3d/ViewpointNode.cpp:241
	src/cybergarage/x3d/VisibilitySensorNode.cpp:50
	src/cybergarage/x3d/VRML97Parser.cpp:35
	src/cybergarage/x3d/WorldInfoNode.cpp:101
	src/cybergarage/x3d/X3DParser.cpp:59
	src/cybergarage/x3d/XMLElement.cpp:92
	src/cybergarage/x3d/XMLNode.cpp:96
	sample/X3DBrowser/X3DBrowserFunc.cpp:228
	sample/x3d2vrml/x3d2vrml.cpp:24
	sample/vrml2x3d/vrml2x3d.cpp:24
	include/cybergarage/x3d/AnchorNode.h:87
	include/cybergarage/x3d/AnchorNode.h:88
	include/cybergarage/x3d/AnchorNode.h:89
	include/cybergarage/x3d/AnchorNode.h:95
	include/cybergarage/x3d/AppearanceNode.h:55
	include/cybergarage/x3d/Arc2DNode.h:67
	include/cybergarage/x3d/ArcClose2DNode.h:47
	include/cybergarage/x3d/AudioClipNode.h:38
	include/cybergarage/x3d/AudioClipNode.h:40
	include/cybergarage/x3d/AudioClipNode.h:41
	include/cybergarage/x3d/AudioClipNode.h:72
	include/cybergarage/x3d/BackgroundNode.h:147
	include/cybergarage/x3d/BillboardNode.h:49
	include/cybergarage/x3d/BindableNode.h:36
	include/cybergarage/x3d/BindableNode.h:37
	include/cybergarage/x3d/BindableNode.h:38
	include/cybergarage/x3d/BindableNode.h:55
	include/cybergarage/x3d/BindableNode.h:56
	include/cybergarage/x3d/BindableNode.h:57
	include/cybergarage/x3d/BooleanFilterNode.h:37
	include/cybergarage/x3d/BooleanFilterNode.h:38
	include/cybergarage/x3d/BooleanFilterNode.h:39
	include/cybergarage/x3d/BooleanFilterNode.h:47
	include/cybergarage/x3d/BooleanFilterNode.h:48
	include/cybergarage/x3d/BooleanFilterNode.h:49
	include/cybergarage/x3d/BooleanFilterNode.h:57
	include/cybergarage/x3d/BooleanFilterNode.h:58
	include/cybergarage/x3d/BooleanFilterNode.h:59
	include/cybergarage/x3d/BooleanFilterNode.h:67
	include/cybergarage/x3d/BooleanFilterNode.h:68
	include/cybergarage/x3d/BooleanFilterNode.h:69
	include/cybergarage/x3d/BooleanFilterNode.h:75
	include/cybergarage/x3d/BooleanSequencerNode.h:35
	include/cybergarage/x3d/BooleanSequencerNode.h:37
	include/cybergarage/x3d/BooleanSequencerNode.h:45
	include/cybergarage/x3d/BooleanSequencerNode.h:46
	include/cybergarage/x3d/BooleanSequencerNode.h:52
	include/cybergarage/x3d/BooleanTimeTriggerNode.h:37
	include/cybergarage/x3d/BooleanTimeTriggerNode.h:38
	include/cybergarage/x3d/BooleanTimeTriggerNode.h:46
	include/cybergarage/x3d/BooleanTimeTriggerNode.h:47
	include/cybergarage/x3d/BooleanTimeTriggerNode.h:55
	include/cybergarage/x3d/BooleanTimeTriggerNode.h:56
	include/cybergarage/x3d/BooleanTimeTriggerNode.h:64
	include/cybergarage/x3d/BooleanTimeTriggerNode.h:65
	include/cybergarage/x3d/BooleanTimeTriggerNode.h:78
	include/cybergarage/x3d/BooleanToggleNode.h:35
	include/cybergarage/x3d/BooleanToggleNode.h:36
	include/cybergarage/x3d/BooleanToggleNode.h:37
	include/cybergarage/x3d/BooleanToggleNode.h:45
	include/cybergarage/x3d/BooleanToggleNode.h:46
	include/cybergarage/x3d/BooleanToggleNode.h:47
	include/cybergarage/x3d/BooleanToggleNode.h:53
	include/cybergarage/x3d/BooleanTriggerNode.h:44
	include/cybergarage/x3d/BooleanTriggerNode.h:45
	include/cybergarage/x3d/BooleanTriggerNode.h:46
	include/cybergarage/x3d/BooleanTriggerNode.h:52
	include/cybergarage/x3d/BoxNode.h:52
	include/cybergarage/x3d/Circle2DNode.h:47
	include/cybergarage/x3d/CollisionNode.h:34
	include/cybergarage/x3d/CollisionNode.h:36
	include/cybergarage/x3d/CollisionNode.h:58
	include/cybergarage/x3d/ColorInterpolatorNode.h:51
	include/cybergarage/x3d/ColorNode.h:42
	include/cybergarage/x3d/ColorRGBANode.h:42
	include/cybergarage/x3d/ComposedGeometryNode.h:69
	include/cybergarage/x3d/ComposedGeometryNode.h:71
	include/cybergarage/x3d/ComposedGeometryNode.h:79
	include/cybergarage/x3d/ComposedGeometryNode.h:81
	include/cybergarage/x3d/ComposedGeometryNode.h:89
	include/cybergarage/x3d/ComposedGeometryNode.h:91
	include/cybergarage/x3d/ComposedGeometryNode.h:99
	include/cybergarage/x3d/ComposedGeometryNode.h:101
	include/cybergarage/x3d/ConeNode.h:56
	include/cybergarage/x3d/ConeNode.h:58
	include/cybergarage/x3d/ConeNode.h:66
	include/cybergarage/x3d/ConeNode.h:68
	include/cybergarage/x3d/ConeNode.h:81
	include/cybergarage/x3d/CoordinateInterpolator2DNode.h:52
	include/cybergarage/x3d/CoordinateInterpolatorNode.h:51
	include/cybergarage/x3d/CoordinateNode.h:49
	include/cybergarage/x3d/CylinderNode.h:57
	include/cybergarage/x3d/CylinderNode.h:59
	include/cybergarage/x3d/CylinderNode.h:67
	include/cybergarage/x3d/CylinderNode.h:69
	include/cybergarage/x3d/CylinderNode.h:77
	include/cybergarage/x3d/CylinderNode.h:79
	include/cybergarage/x3d/CylinderNode.h:92
	include/cybergarage/x3d/CylinderSensorNode.h:87
	include/cybergarage/x3d/DEFNode.h:36
	include/cybergarage/x3d/DirectionalLightNode.h:49
	include/cybergarage/x3d/Disk2DNode.h:57
	include/cybergarage/x3d/DragSensorNode.h:34
	include/cybergarage/x3d/DragSensorNode.h:36
	include/cybergarage/x3d/DragSensorNode.h:37
	include/cybergarage/x3d/ElevationGridNode.h:101
	include/cybergarage/x3d/ExtrusionNode.h:42
	include/cybergarage/x3d/ExtrusionNode.h:44
	include/cybergarage/x3d/ExtrusionNode.h:52
	include/cybergarage/x3d/ExtrusionNode.h:54
	include/cybergarage/x3d/ExtrusionNode.h:62
	include/cybergarage/x3d/ExtrusionNode.h:64
	include/cybergarage/x3d/ExtrusionNode.h:72
	include/cybergarage/x3d/ExtrusionNode.h:74
	include/cybergarage/x3d/ExtrusionNode.h:82
	include/cybergarage/x3d/ExtrusionNode.h:84
	include/cybergarage/x3d/ExtrusionNode.h:150
	include/cybergarage/x3d/Field.h:158
	include/cybergarage/x3d/Field.h:166
	include/cybergarage/x3d/Field.h:171
	include/cybergarage/x3d/Field.h:176
	include/cybergarage/x3d/Field.h:181
	include/cybergarage/x3d/Field.h:186
	include/cybergarage/x3d/Field.h:191
	include/cybergarage/x3d/Field.h:196
	include/cybergarage/x3d/Field.h:201
	include/cybergarage/x3d/Field.h:206
	include/cybergarage/x3d/Field.h:211
	include/cybergarage/x3d/Field.h:216
	include/cybergarage/x3d/Field.h:225
	include/cybergarage/x3d/Field.h:230
	include/cybergarage/x3d/Field.h:235
	include/cybergarage/x3d/Field.h:240
	include/cybergarage/x3d/Field.h:245
	include/cybergarage/x3d/Field.h:250
	include/cybergarage/x3d/Field.h:255
	include/cybergarage/x3d/Field.h:260
	include/cybergarage/x3d/Field.h:265
	include/cybergarage/x3d/Field.h:270
	include/cybergarage/x3d/Field.h:279
	include/cybergarage/x3d/Field.h:284
	include/cybergarage/x3d/Field.h:307
	include/cybergarage/x3d/FileGIF89a.h:46
	include/cybergarage/x3d/FileGIF89a.h:81
	include/cybergarage/x3d/FileGIF89a.h:171
	include/cybergarage/x3d/FileGIF89a.h:278
	include/cybergarage/x3d/FileImage.h:38
	include/cybergarage/x3d/FileImage.h:46
	include/cybergarage/x3d/FileJPEG.h:30
	include/cybergarage/x3d/FilePNG.h:24
	include/cybergarage/x3d/FilePNG.h:31
	include/cybergarage/x3d/FilePNG.h:49
	include/cybergarage/x3d/FileTarga.h:53
	include/cybergarage/x3d/FileTarga.h:54
	include/cybergarage/x3d/FillPropertiesNode.h:69
	include/cybergarage/x3d/FogNode.h:68
	include/cybergarage/x3d/FontStyleNode.h:100
	include/cybergarage/x3d/FontStyleNode.h:102
	include/cybergarage/x3d/FontStyleNode.h:110
	include/cybergarage/x3d/FontStyleNode.h:112
	include/cybergarage/x3d/FontStyleNode.h:120
	include/cybergarage/x3d/FontStyleNode.h:122
	include/cybergarage/x3d/FontStyleNode.h:154
	include/cybergarage/x3d/GroupNode.h:35
	include/cybergarage/x3d/ImageTextureNode.h:64
	include/cybergarage/x3d/ImageTextureNode.h:90
	include/cybergarage/x3d/IndexedFaceSetNode.h:49
	include/cybergarage/x3d/IndexedFaceSetNode.h:51
	include/cybergarage/x3d/IndexedFaceSetNode.h:106
	include/cybergarage/x3d/IndexedFaceSetNode.h:141
	include/cybergarage/x3d/IndexedFaceSetNode.h:147
	include/cybergarage/x3d/IndexedLineSetNode.h:68
	include/cybergarage/x3d/IndexedLineSetNode.h:70
	include/cybergarage/x3d/IndexedLineSetNode.h:113
	include/cybergarage/x3d/InlineNode.h:45
	include/cybergarage/x3d/InlineNode.h:46
	include/cybergarage/x3d/InlineNode.h:47
	include/cybergarage/x3d/InlineNode.h:60
	include/cybergarage/x3d/IntegerSequencerNode.h:52
	include/cybergarage/x3d/IntegerTriggerNode.h:36
	include/cybergarage/x3d/IntegerTriggerNode.h:37
	include/cybergarage/x3d/IntegerTriggerNode.h:38
	include/cybergarage/x3d/IntegerTriggerNode.h:62
	include/cybergarage/x3d/KeyDeviceSensorNode.h:40
	include/cybergarage/x3d/KeyDeviceSensorNode.h:42
	include/cybergarage/x3d/KeyDeviceSensorNode.h:50
	include/cybergarage/x3d/KeyDeviceSensorNode.h:52
	include/cybergarage/x3d/KeyDeviceSensorNode.h:60
	include/cybergarage/x3d/KeyDeviceSensorNode.h:62
	include/cybergarage/x3d/KeySensorNode.h:37
	include/cybergarage/x3d/LightNode.h:46
	include/cybergarage/x3d/LightNode.h:48
	include/cybergarage/x3d/LightNode.h:85
	include/cybergarage/x3d/LinePropertiesNode.h:58
	include/cybergarage/x3d/LinkedListNode.h:27
	include/cybergarage/x3d/LinkedListNode.h:36
	include/cybergarage/x3d/LinkedListNode.h:51
	include/cybergarage/x3d/LinkedListNode.h:55
	include/cybergarage/x3d/LoadSensorNode.h:46
	include/cybergarage/x3d/LoadSensorNode.h:47
	include/cybergarage/x3d/LoadSensorNode.h:48
	include/cybergarage/x3d/LoadSensorNode.h:65
	include/cybergarage/x3d/LoadSensorNode.h:66
	include/cybergarage/x3d/LoadSensorNode.h:67
	include/cybergarage/x3d/LoadSensorNode.h:75
	include/cybergarage/x3d/LoadSensorNode.h:76
	include/cybergarage/x3d/LoadSensorNode.h:77
	include/cybergarage/x3d/LoadSensorNode.h:108
	include/cybergarage/x3d/LODNode.h:60
	include/cybergarage/x3d/MaterialNode.h:101
	include/cybergarage/x3d/MathUtil.h:38
	include/cybergarage/x3d/MathUtil.h:43
	include/cybergarage/x3d/MFBool.h:27
	include/cybergarage/x3d/MFBool.h:31
	include/cybergarage/x3d/MFBool.h:32
	include/cybergarage/x3d/MFBool.h:33
	include/cybergarage/x3d/MFBool.h:37
	include/cybergarage/x3d/MovieTextureNode.h:51
	include/cybergarage/x3d/MovieTextureNode.h:53
	include/cybergarage/x3d/MovieTextureNode.h:54
	include/cybergarage/x3d/MovieTextureNode.h:89
	include/cybergarage/x3d/MovieTextureNode.h:90
	include/cybergarage/x3d/MovieTextureNode.h:91
	include/cybergarage/x3d/MovieTextureNode.h:113
	include/cybergarage/x3d/MultiTextureCoordinateNode.h:42
	include/cybergarage/x3d/MultiTextureNode.h:49
	include/cybergarage/x3d/MultiTextureNode.h:50
	include/cybergarage/x3d/MultiTextureNode.h:51
	include/cybergarage/x3d/MultiTextureNode.h:59
	include/cybergarage/x3d/MultiTextureNode.h:60
	include/cybergarage/x3d/MultiTextureNode.h:61
	include/cybergarage/x3d/MultiTextureNode.h:69
	include/cybergarage/x3d/MultiTextureNode.h:70
	include/cybergarage/x3d/MultiTextureNode.h:71
	include/cybergarage/x3d/MultiTextureNode.h:79
	include/cybergarage/x3d/MultiTextureNode.h:80
	include/cybergarage/x3d/MultiTextureNode.h:81
	include/cybergarage/x3d/MultiTextureNode.h:123
	include/cybergarage/x3d/MultiTextureTransformNode.h:42
	include/cybergarage/x3d/NavigationInfoNode.h:57
	include/cybergarage/x3d/NavigationInfoNode.h:59
	include/cybergarage/x3d/NavigationInfoNode.h:83
	include/cybergarage/x3d/Node.h:153
	include/cybergarage/x3d/Node.h:189
	include/cybergarage/x3d/Node.h:223
	include/cybergarage/x3d/Node.h:299
	include/cybergarage/x3d/Node.h:300
	include/cybergarage/x3d/Node.h:330
	include/cybergarage/x3d/Node.h:332
	include/cybergarage/x3d/Node.h:334
	include/cybergarage/x3d/Node.h:335
	include/cybergarage/x3d/Node.h:350
	include/cybergarage/x3d/Node.h:351
	include/cybergarage/x3d/Node.h:741
	include/cybergarage/x3d/Node.h:742
	include/cybergarage/x3d/Node.h:743
	include/cybergarage/x3d/Node.h:744
	include/cybergarage/x3d/Node.h:746
	include/cybergarage/x3d/Node.h:752
	include/cybergarage/x3d/Node.h:756
	include/cybergarage/x3d/Node.h:762
	include/cybergarage/x3d/Node.h:768
	include/cybergarage/x3d/Node.h:774
	include/cybergarage/x3d/Node.h:780
	include/cybergarage/x3d/Node.h:786
	include/cybergarage/x3d/Node.h:792
	include/cybergarage/x3d/Node.h:798
	include/cybergarage/x3d/Node.h:804
	include/cybergarage/x3d/Node.h:812
	include/cybergarage/x3d/Node.h:816
	include/cybergarage/x3d/Node.h:820
	include/cybergarage/x3d/Node.h:824
	include/cybergarage/x3d/Node.h:828
	include/cybergarage/x3d/Node.h:832
	include/cybergarage/x3d/Node.h:836
	include/cybergarage/x3d/Node.h:840
	include/cybergarage/x3d/Node.h:844
	include/cybergarage/x3d/Node.h:848
	include/cybergarage/x3d/Node.h:852
	include/cybergarage/x3d/Node.h:856
	include/cybergarage/x3d/Node.h:860
	include/cybergarage/x3d/Node.h:864
	include/cybergarage/x3d/Node.h:868
	include/cybergarage/x3d/Node.h:872
	include/cybergarage/x3d/Node.h:876
	include/cybergarage/x3d/Node.h:880
	include/cybergarage/x3d/Node.h:884
	include/cybergarage/x3d/Node.h:888
	include/cybergarage/x3d/Node.h:892
	include/cybergarage/x3d/Node.h:896
	include/cybergarage/x3d/Node.h:900
	include/cybergarage/x3d/Node.h:904
	include/cybergarage/x3d/Node.h:908
	include/cybergarage/x3d/Node.h:912
	include/cybergarage/x3d/Node.h:916
	include/cybergarage/x3d/Node.h:920
	include/cybergarage/x3d/Node.h:924
	include/cybergarage/x3d/Node.h:928
	include/cybergarage/x3d/Node.h:932
	include/cybergarage/x3d/Node.h:936
	include/cybergarage/x3d/Node.h:940
	include/cybergarage/x3d/Node.h:944
	include/cybergarage/x3d/Node.h:948
	include/cybergarage/x3d/Node.h:952
	include/cybergarage/x3d/Node.h:956
	include/cybergarage/x3d/Node.h:960
	include/cybergarage/x3d/Node.h:964
	include/cybergarage/x3d/Node.h:968
	include/cybergarage/x3d/Node.h:972
	include/cybergarage/x3d/Node.h:976
	include/cybergarage/x3d/Node.h:980
	include/cybergarage/x3d/Node.h:984
	include/cybergarage/x3d/Node.h:988
	include/cybergarage/x3d/Node.h:992
	include/cybergarage/x3d/Node.h:996
	include/cybergarage/x3d/Node.h:1000
	include/cybergarage/x3d/Node.h:1004
	include/cybergarage/x3d/Node.h:1008
	include/cybergarage/x3d/Node.h:1012
	include/cybergarage/x3d/Node.h:1016
	include/cybergarage/x3d/Node.h:1020
	include/cybergarage/x3d/Node.h:1024
	include/cybergarage/x3d/Node.h:1030
	include/cybergarage/x3d/Node.h:1036
	include/cybergarage/x3d/Node.h:1042
	include/cybergarage/x3d/Node.h:1046
	include/cybergarage/x3d/Node.h:1050
	include/cybergarage/x3d/Node.h:1054
	include/cybergarage/x3d/Node.h:1060
	include/cybergarage/x3d/Node.h:1064
	include/cybergarage/x3d/Node.h:1070
	include/cybergarage/x3d/Node.h:1074
	include/cybergarage/x3d/Node.h:1078
	include/cybergarage/x3d/Node.h:1082
	include/cybergarage/x3d/Node.h:1086
	include/cybergarage/x3d/Node.h:1090
	include/cybergarage/x3d/Node.h:1094
	include/cybergarage/x3d/Node.h:1098
	include/cybergarage/x3d/Node.h:1104
	include/cybergarage/x3d/Node.h:1108
	include/cybergarage/x3d/Node.h:1112
	include/cybergarage/x3d/Node.h:1116
	include/cybergarage/x3d/Node.h:1122
	include/cybergarage/x3d/Node.h:1126
	include/cybergarage/x3d/Node.h:1132
	include/cybergarage/x3d/Node.h:1136
	include/cybergarage/x3d/Node.h:1142
	include/cybergarage/x3d/Node.h:1146
	include/cybergarage/x3d/Node.h:1150
	include/cybergarage/x3d/Node.h:1154
	include/cybergarage/x3d/Node.h:1158
	include/cybergarage/x3d/Node.h:1162
	include/cybergarage/x3d/Node.h:1166
	include/cybergarage/x3d/Node.h:1172
	include/cybergarage/x3d/Node.h:1176
	include/cybergarage/x3d/Node.h:1180
	include/cybergarage/x3d/Node.h:1184
	include/cybergarage/x3d/Node.h:1192
	include/cybergarage/x3d/Node.h:1200
	include/cybergarage/x3d/Node.h:1208
	include/cybergarage/x3d/Node.h:1214
	include/cybergarage/x3d/Node.h:1263
	include/cybergarage/x3d/Node.h:1331
	include/cybergarage/x3d/Node.h:1332
	include/cybergarage/x3d/Node.h:1356
	include/cybergarage/x3d/NodeSequencerNode.h:52
	include/cybergarage/x3d/NormalInterpolatorNode.h:51
	include/cybergarage/x3d/NormalNode.h:43
	include/cybergarage/x3d/OldCpp.h:16
	include/cybergarage/x3d/OrientationInterpolatorNode.h:51
	include/cybergarage/x3d/Parser.h:33
	include/cybergarage/x3d/Parser.h:44
	include/cybergarage/x3d/Parser.h:45
	include/cybergarage/x3d/Parser.h:76
	include/cybergarage/x3d/Parser.h:77
	include/cybergarage/x3d/Parser.h:81
	include/cybergarage/x3d/ParserResult.h:24
	include/cybergarage/x3d/ParserResult.h:45
	include/cybergarage/x3d/ParserResult.h:48
	include/cybergarage/x3d/ParserResult.h:51
	include/cybergarage/x3d/PixelTextureNode.h:49
	include/cybergarage/x3d/PlaneSensorNode.h:82
	include/cybergarage/x3d/PointLightNode.h:69
	include/cybergarage/x3d/PointSetNode.h:38
	include/cybergarage/x3d/Polyline2DNode.h:53
	include/cybergarage/x3d/Polypoint2DNode.h:53
	include/cybergarage/x3d/PositionInterpolator2DNode.h:51
	include/cybergarage/x3d/PositionInterpolatorNode.h:51
	include/cybergarage/x3d/ProximitySensorNode.h:55
	include/cybergarage/x3d/ProximitySensorNode.h:56
	include/cybergarage/x3d/ProximitySensorNode.h:69
	include/cybergarage/x3d/Rectangle2DNode.h:49
	include/cybergarage/x3d/Rectangle2DNode.h:51
	include/cybergarage/x3d/Rectangle2DNode.h:52
	include/cybergarage/x3d/Rectangle2DNode.h:65
	include/cybergarage/x3d/RootNode.h:30
	include/cybergarage/x3d/Route.h:33
	include/cybergarage/x3d/Route.h:55
	include/cybergarage/x3d/Route.h:56
	include/cybergarage/x3d/RouteNode.h:62
	include/cybergarage/x3d/ScalarInterpolatorNode.h:51
	include/cybergarage/x3d/Scene.h:58
	include/cybergarage/x3d/Scene.h:59
	include/cybergarage/x3d/Scene.h:72
	include/cybergarage/x3d/SceneGraph.h:527
	include/cybergarage/x3d/SceneGraph.h:529
	include/cybergarage/x3d/SceneGraph.h:531
	include/cybergarage/x3d/SceneGraph.h:535
	include/cybergarage/x3d/SceneGraph.h:539
	include/cybergarage/x3d/SceneGraph.h:543
	include/cybergarage/x3d/SceneGraph.h:598
	include/cybergarage/x3d/SceneGraph.h:598
	include/cybergarage/x3d/SceneGraph.h:599
	include/cybergarage/x3d/SceneGraph.h:599
	include/cybergarage/x3d/SceneGraph.h:633
	include/cybergarage/x3d/SceneGraph.h:634
	include/cybergarage/x3d/SceneGraph.h:644
	include/cybergarage/x3d/SceneGraph.h:646
	include/cybergarage/x3d/SceneNode.h:32
	include/cybergarage/x3d/ScriptNode.h:53
	include/cybergarage/x3d/ScriptNode.h:55
	include/cybergarage/x3d/ScriptNode.h:63
	include/cybergarage/x3d/ScriptNode.h:65
	include/cybergarage/x3d/ScriptNode.h:89
	include/cybergarage/x3d/SensorNode.h:35
	include/cybergarage/x3d/SensorNode.h:37
	include/cybergarage/x3d/SensorNode.h:38
	include/cybergarage/x3d/SensorNode.h:46
	include/cybergarage/x3d/SensorNode.h:48
	include/cybergarage/x3d/SensorNode.h:49
	include/cybergarage/x3d/SFBool.h:24
	include/cybergarage/x3d/SFBool.h:29
	include/cybergarage/x3d/SFBool.h:36
	include/cybergarage/x3d/SFBool.h:39
	include/cybergarage/x3d/SFBool.h:59
	include/cybergarage/x3d/SFChar.h:52
	include/cybergarage/x3d/SFColor.h:93
	include/cybergarage/x3d/SFColorRGBA.h:94
	include/cybergarage/x3d/SFDouble.h:52
	include/cybergarage/x3d/SFFloat.h:56
	include/cybergarage/x3d/SFInt32.h:56
	include/cybergarage/x3d/SFNode.h:61
	include/cybergarage/x3d/SFRotation.h:114
	include/cybergarage/x3d/SFRotation.h:115
	include/cybergarage/x3d/SFRotation.h:116
	include/cybergarage/x3d/SFString.h:61
	include/cybergarage/x3d/SFTime.h:57
	include/cybergarage/x3d/SFVec2d.h:114
	include/cybergarage/x3d/SFVec2d.h:115
	include/cybergarage/x3d/SFVec2d.h:116
	include/cybergarage/x3d/SFVec2f.h:118
	include/cybergarage/x3d/SFVec2f.h:119
	include/cybergarage/x3d/SFVec2f.h:120
	include/cybergarage/x3d/SFVec3d.h:126
	include/cybergarage/x3d/SFVec3d.h:127
	include/cybergarage/x3d/SFVec3d.h:128
	include/cybergarage/x3d/SFVec3f.h:129
	include/cybergarage/x3d/SFVec3f.h:130
	include/cybergarage/x3d/SFVec3f.h:131
	include/cybergarage/x3d/Shape2DNode.h:57
	include/cybergarage/x3d/ShapeNode.h:67
	include/cybergarage/x3d/SoundNode.h:123
	include/cybergarage/x3d/SoundNode.h:125
	include/cybergarage/x3d/SoundNode.h:138
	include/cybergarage/x3d/SoundSourceNode.h:58
	include/cybergarage/x3d/SoundSourceNode.h:59
	include/cybergarage/x3d/SoundSourceNode.h:60
	include/cybergarage/x3d/SphereNode.h:49
	include/cybergarage/x3d/SphereSensorNode.h:58
	include/cybergarage/x3d/SpotLightNode.h:100
	include/cybergarage/x3d/StaticGroupNode.h:36
	include/cybergarage/x3d/StringSensorNode.h:87
	include/cybergarage/x3d/StringUtil.h:71
	include/cybergarage/x3d/SwitchNode.h:48
	include/cybergarage/x3d/TextNode.h:102
	include/cybergarage/x3d/Texture2DNode.h:44
	include/cybergarage/x3d/Texture2DNode.h:46
	include/cybergarage/x3d/Texture2DNode.h:54
	include/cybergarage/x3d/Texture2DNode.h:56
	include/cybergarage/x3d/Texture2DNode.h:91
	include/cybergarage/x3d/Texture2DNode.h:92
	include/cybergarage/x3d/TextureCoordinateGeneratorNode.h:58
	include/cybergarage/x3d/TextureCoordinateNode.h:43
	include/cybergarage/x3d/TextureTransformNode.h:87
	include/cybergarage/x3d/TimeSensorNode.h:50
	include/cybergarage/x3d/TimeSensorNode.h:52
	include/cybergarage/x3d/TimeSensorNode.h:53
	include/cybergarage/x3d/TimeSensorNode.h:115
	include/cybergarage/x3d/TimeSensorNode.h:117
	include/cybergarage/x3d/TimeSensorNode.h:118
	include/cybergarage/x3d/TimeSensorNode.h:167
	include/cybergarage/x3d/TimeTriggerNode.h:35
	include/cybergarage/x3d/TimeTriggerNode.h:36
	include/cybergarage/x3d/TimeTriggerNode.h:37
	include/cybergarage/x3d/TimeTriggerNode.h:52
	include/cybergarage/x3d/TouchSensorNode.h:37
	include/cybergarage/x3d/TouchSensorNode.h:39
	include/cybergarage/x3d/TouchSensorNode.h:40
	include/cybergarage/x3d/TouchSensorNode.h:92
	include/cybergarage/x3d/Transform2DNode.h:87
	include/cybergarage/x3d/TransformNode.h:100
	include/cybergarage/x3d/TriangleFanSetNode.h:48
	include/cybergarage/x3d/TriangleSet2DNode.h:53
	include/cybergarage/x3d/TriangleSetNode.h:38
	include/cybergarage/x3d/TriangleSetNode.h:40
	include/cybergarage/x3d/TriangleSetNode.h:62
	include/cybergarage/x3d/TriangleStripSetNode.h:48
	include/cybergarage/x3d/UrlFile.h:38
	include/cybergarage/x3d/UrlFile.h:40
	include/cybergarage/x3d/Vector.h:26
	include/cybergarage/x3d/Vector.h:33
	include/cybergarage/x3d/Vector.h:47
	include/cybergarage/x3d/Vector.h:65
	include/cybergarage/x3d/Vector.h:71
	include/cybergarage/x3d/Vector.h:137
	include/cybergarage/x3d/Vector.h:157
	include/cybergarage/x3d/Vector.h:164
	include/cybergarage/x3d/Vector.h:164
	include/cybergarage/x3d/Vector.h:179
	include/cybergarage/x3d/Vector.h:197
	include/cybergarage/x3d/Vector.h:202
	include/cybergarage/x3d/Vector.h:242
	include/cybergarage/x3d/ViewpointNode.h:37
	include/cybergarage/x3d/ViewpointNode.h:39
	include/cybergarage/x3d/ViewpointNode.h:107
	include/cybergarage/x3d/VisibilitySensorNode.h:37
	include/cybergarage/x3d/VRML97Parser.h:25
	include/cybergarage/x3d/WorldInfoNode.h:59
	include/cybergarage/x3d/X3DParser.h:31
	include/cybergarage/x3d/X3DParser.h:32
	include/cybergarage/x3d/X3DParser.h:33
	include/cybergarage/x3d/X3DParser.h:34
	include/cybergarage/x3d/X3DParser.h:35
	include/cybergarage/x3d/X3DParser.h:36
	include/cybergarage/x3d/X3DParser.h:43
	include/cybergarage/x3d/XMLElement.h:56
	include/cybergarage/x3d/XMLNode.h:53
	src/cybergarage/x3d/AnchorNode.cpp:29
	src/cybergarage/x3d/AnchorNode.cpp:71
	src/cybergarage/x3d/AnchorNode.cpp:92
	src/cybergarage/x3d/AnchorNode.cpp:118
	src/cybergarage/x3d/AnchorNode.cpp:149
	src/cybergarage/x3d/AnchorNode.cpp:175
	src/cybergarage/x3d/AnchorNode.cpp:218
	src/cybergarage/x3d/AppearanceNode.cpp:30
	src/cybergarage/x3d/AppearanceNode.cpp:67
	src/cybergarage/x3d/AppearanceNode.cpp:74
	src/cybergarage/x3d/AppearanceNode.cpp:81
	src/cybergarage/x3d/AppearanceNode.cpp:88
	src/cybergarage/x3d/AppearanceNode.cpp:95
	src/cybergarage/x3d/AppearanceNode.cpp:123
	src/cybergarage/x3d/AppearanceNode.cpp:142
	src/cybergarage/x3d/AppearanceNode.cpp:156
	src/cybergarage/x3d/AppearanceNode.cpp:170
	src/cybergarage/x3d/Arc2DNode.cpp:22
	src/cybergarage/x3d/Arc2DNode.cpp:52
	src/cybergarage/x3d/Arc2DNode.cpp:73
	src/cybergarage/x3d/Arc2DNode.cpp:94
	src/cybergarage/x3d/Arc2DNode.cpp:129
	src/cybergarage/x3d/ArcClose2DNode.cpp:20
	src/cybergarage/x3d/ArcClose2DNode.cpp:42
	src/cybergarage/x3d/ArcClose2DNode.cpp:77
	src/cybergarage/x3d/AudioClipNode.cpp:28
	src/cybergarage/x3d/AudioClipNode.cpp:32
	src/cybergarage/x3d/AudioClipNode.cpp:54
	src/cybergarage/x3d/AudioClipNode.cpp:66
	src/cybergarage/x3d/AudioClipNode.cpp:85
	src/cybergarage/x3d/AudioClipNode.cpp:106
	src/cybergarage/x3d/AudioClipNode.cpp:141
	src/cybergarage/x3d/AudioClipNode.cpp:210
	src/cybergarage/x3d/AudioClipNode.cpp:241
	src/cybergarage/x3d/AudioClipNode.cpp:247
	src/cybergarage/x3d/AudioClipNode.cpp:254
	src/cybergarage/x3d/BackgroundNode.cpp:17
	src/cybergarage/x3d/BackgroundNode.cpp:71
	src/cybergarage/x3d/BackgroundNode.cpp:97
	src/cybergarage/x3d/BackgroundNode.cpp:123
	src/cybergarage/x3d/BackgroundNode.cpp:149
	src/cybergarage/x3d/BackgroundNode.cpp:175
	src/cybergarage/x3d/BackgroundNode.cpp:201
	src/cybergarage/x3d/BackgroundNode.cpp:227
	src/cybergarage/x3d/BackgroundNode.cpp:253
	src/cybergarage/x3d/BackgroundNode.cpp:279
	src/cybergarage/x3d/BackgroundNode.cpp:305
	src/cybergarage/x3d/BackgroundNode.cpp:345
	src/cybergarage/x3d/BillboardNode.cpp:27
	src/cybergarage/x3d/BillboardNode.cpp:45
	src/cybergarage/x3d/BillboardNode.cpp:88
	src/cybergarage/x3d/BindableNode.cpp:40
	src/cybergarage/x3d/BindableNode.cpp:66
	src/cybergarage/x3d/BindableNode.cpp:87
	src/cybergarage/x3d/BooleanFilterNode.cpp:27
	src/cybergarage/x3d/BooleanFilterNode.cpp:57
	src/cybergarage/x3d/BooleanFilterNode.cpp:83
	src/cybergarage/x3d/BooleanFilterNode.cpp:109
	src/cybergarage/x3d/BooleanFilterNode.cpp:135
	src/cybergarage/x3d/BooleanFilterNode.cpp:161
	src/cybergarage/x3d/BooleanSequencerNode.cpp:17
	src/cybergarage/x3d/BooleanSequencerNode.cpp:39
	src/cybergarage/x3d/BooleanSequencerNode.cpp:65
	src/cybergarage/x3d/BooleanSequencerNode.cpp:86
	src/cybergarage/x3d/BooleanTimeTriggerNode.cpp:22
	src/cybergarage/x3d/BooleanTimeTriggerNode.cpp:26
	src/cybergarage/x3d/BooleanTimeTriggerNode.cpp:52
	src/cybergarage/x3d/BooleanTimeTriggerNode.cpp:73
	src/cybergarage/x3d/BooleanTimeTriggerNode.cpp:94
	src/cybergarage/x3d/BooleanTimeTriggerNode.cpp:115
	src/cybergarage/x3d/BooleanTimeTriggerNode.cpp:150
	src/cybergarage/x3d/BooleanToggleNode.cpp:25
	src/cybergarage/x3d/BooleanToggleNode.cpp:33
	src/cybergarage/x3d/BooleanToggleNode.cpp:47
	src/cybergarage/x3d/BooleanToggleNode.cpp:73
	src/cybergarage/x3d/BooleanToggleNode.cpp:99
	src/cybergarage/x3d/BooleanTriggerNode.cpp:25
	src/cybergarage/x3d/BooleanTriggerNode.cpp:47
	src/cybergarage/x3d/BooleanTriggerNode.cpp:68
	src/cybergarage/x3d/BooleanTriggerNode.cpp:89
	src/cybergarage/x3d/Bounded2DNode.cpp:27
	src/cybergarage/x3d/Bounded2DNode.cpp:50
	src/cybergarage/x3d/Bounded2DNode.cpp:76
	src/cybergarage/x3d/BoundedGrouping2DNode.cpp:27
	src/cybergarage/x3d/BoundedGrouping2DNode.cpp:50
	src/cybergarage/x3d/BoundedGrouping2DNode.cpp:76
	src/cybergarage/x3d/BoundedGroupingNode.cpp:26
	src/cybergarage/x3d/BoundedGroupingNode.cpp:49
	src/cybergarage/x3d/BoundedGroupingNode.cpp:75
	src/cybergarage/x3d/BoundedNode.cpp:27
	src/cybergarage/x3d/BoundedNode.cpp:50
	src/cybergarage/x3d/BoundedNode.cpp:76
	src/cybergarage/x3d/BoxNode.cpp:18
	src/cybergarage/x3d/BoxNode.cpp:37
	src/cybergarage/x3d/BoxNode.cpp:92
	src/cybergarage/x3d/Circle2DNode.cpp:18
	src/cybergarage/x3d/Circle2DNode.cpp:40
	src/cybergarage/x3d/Circle2DNode.cpp:75
	src/cybergarage/x3d/CollisionNode.cpp:23
	src/cybergarage/x3d/CollisionNode.cpp:45
	src/cybergarage/x3d/CollisionNode.cpp:57
	src/cybergarage/x3d/CollisionNode.cpp:71
	src/cybergarage/x3d/CollisionNode.cpp:109
	src/cybergarage/x3d/ColorInterpolatorNode.cpp:18
	src/cybergarage/x3d/ColorInterpolatorNode.cpp:40
	src/cybergarage/x3d/ColorInterpolatorNode.cpp:66
	src/cybergarage/x3d/ColorInterpolatorNode.cpp:88
	src/cybergarage/x3d/ColorNode.cpp:23
	src/cybergarage/x3d/ColorNode.cpp:42
	src/cybergarage/x3d/ColorNode.cpp:68
	src/cybergarage/x3d/ColorRGBANode.cpp:23
	src/cybergarage/x3d/ColorRGBANode.cpp:42
	src/cybergarage/x3d/ColorRGBANode.cpp:68
	src/cybergarage/x3d/ComposedGeometryNode.cpp:82
	src/cybergarage/x3d/ComposedGeometryNode.cpp:93
	src/cybergarage/x3d/ComposedGeometryNode.cpp:104
	src/cybergarage/x3d/ComposedGeometryNode.cpp:115
	src/cybergarage/x3d/ComposedGeometryNode.cpp:126
	src/cybergarage/x3d/ComposedGeometryNode.cpp:138
	src/cybergarage/x3d/ComposedGeometryNode.cpp:152
	src/cybergarage/x3d/ComposedGeometryNode.cpp:164
	src/cybergarage/x3d/ComposedGeometryNode.cpp:178
	src/cybergarage/x3d/ComposedGeometryNode.cpp:190
	src/cybergarage/x3d/ComposedGeometryNode.cpp:204
	src/cybergarage/x3d/ComposedGeometryNode.cpp:216
	src/cybergarage/x3d/ConeNode.cpp:19
	src/cybergarage/x3d/ConeNode.cpp:55
	src/cybergarage/x3d/ConeNode.cpp:76
	src/cybergarage/x3d/ConeNode.cpp:97
	src/cybergarage/x3d/ConeNode.cpp:109
	src/cybergarage/x3d/ConeNode.cpp:123
	src/cybergarage/x3d/ConeNode.cpp:135
	src/cybergarage/x3d/ConeNode.cpp:163
	src/cybergarage/x3d/CoordinateInterpolator2DNode.cpp:17
	src/cybergarage/x3d/CoordinateInterpolator2DNode.cpp:39
	src/cybergarage/x3d/CoordinateInterpolator2DNode.cpp:65
	src/cybergarage/x3d/CoordinateInterpolator2DNode.cpp:86
	src/cybergarage/x3d/CoordinateInterpolatorNode.cpp:18
	src/cybergarage/x3d/CoordinateInterpolatorNode.cpp:40
	src/cybergarage/x3d/CoordinateInterpolatorNode.cpp:66
	src/cybergarage/x3d/CoordinateInterpolatorNode.cpp:87
	src/cybergarage/x3d/CoordinateNode.cpp:22
	src/cybergarage/x3d/CoordinateNode.cpp:40
	src/cybergarage/x3d/CoordinateNode.cpp:101
	src/cybergarage/x3d/CylinderNode.cpp:18
	src/cybergarage/x3d/CylinderNode.cpp:58
	src/cybergarage/x3d/CylinderNode.cpp:79
	src/cybergarage/x3d/CylinderNode.cpp:100
	src/cybergarage/x3d/CylinderNode.cpp:112
	src/cybergarage/x3d/CylinderNode.cpp:126
	src/cybergarage/x3d/CylinderNode.cpp:138
	src/cybergarage/x3d/CylinderNode.cpp:152
	src/cybergarage/x3d/CylinderNode.cpp:164
	src/cybergarage/x3d/CylinderNode.cpp:192
	src/cybergarage/x3d/CylinderSensorNode.cpp:24
	src/cybergarage/x3d/CylinderSensorNode.cpp:58
	src/cybergarage/x3d/CylinderSensorNode.cpp:79
	src/cybergarage/x3d/CylinderSensorNode.cpp:100
	src/cybergarage/x3d/CylinderSensorNode.cpp:121
	src/cybergarage/x3d/CylinderSensorNode.cpp:142
	src/cybergarage/x3d/CylinderSensorNode.cpp:182
	src/cybergarage/x3d/CylinderSensorNode.cpp:187
	src/cybergarage/x3d/DEFNode.cpp:17
	src/cybergarage/x3d/DEFNode.cpp:45
	src/cybergarage/x3d/DirectionalLightNode.cpp:41
	src/cybergarage/x3d/DirectionalLightNode.cpp:81
	src/cybergarage/x3d/Disk2DNode.cpp:21
	src/cybergarage/x3d/Disk2DNode.cpp:47
	src/cybergarage/x3d/Disk2DNode.cpp:68
	src/cybergarage/x3d/Disk2DNode.cpp:103
	src/cybergarage/x3d/DragSensorNode.cpp:41
	src/cybergarage/x3d/DragSensorNode.cpp:53
	src/cybergarage/x3d/DragSensorNode.cpp:72
	src/cybergarage/x3d/ElevationGridNode.cpp:24
	src/cybergarage/x3d/ElevationGridNode.cpp:71
	src/cybergarage/x3d/ElevationGridNode.cpp:92
	src/cybergarage/x3d/ElevationGridNode.cpp:113
	src/cybergarage/x3d/ElevationGridNode.cpp:134
	src/cybergarage/x3d/ElevationGridNode.cpp:155
	src/cybergarage/x3d/ElevationGridNode.cpp:176
	src/cybergarage/x3d/ElevationGridNode.cpp:219
	src/cybergarage/x3d/ElevationGridNode.cpp:261
	src/cybergarage/x3d/ElevationGridNode.cpp:275
	src/cybergarage/x3d/ElevationGridNode.cpp:289
	src/cybergarage/x3d/ElevationGridNode.cpp:387
	src/cybergarage/x3d/ElevationGridNode.cpp:398
	src/cybergarage/x3d/ElevationGridNode.cpp:404
	src/cybergarage/x3d/ElevationGridNode.cpp:467
	src/cybergarage/x3d/ElevationGridNode.cpp:470
	src/cybergarage/x3d/EnvironmentalSensorNode.cpp:22
	src/cybergarage/x3d/EnvironmentalSensorNode.cpp:52
	src/cybergarage/x3d/EnvironmentalSensorNode.cpp:78
	src/cybergarage/x3d/EnvironmentalSensorNode.cpp:104
	src/cybergarage/x3d/EnvironmentalSensorNode.cpp:125
	src/cybergarage/x3d/ExtrusionNode.cpp:27
	src/cybergarage/x3d/ExtrusionNode.cpp:113
	src/cybergarage/x3d/ExtrusionNode.cpp:125
	src/cybergarage/x3d/ExtrusionNode.cpp:139
	src/cybergarage/x3d/ExtrusionNode.cpp:151
	src/cybergarage/x3d/ExtrusionNode.cpp:165
	src/cybergarage/x3d/ExtrusionNode.cpp:177
	src/cybergarage/x3d/ExtrusionNode.cpp:191
	src/cybergarage/x3d/ExtrusionNode.cpp:203
	src/cybergarage/x3d/ExtrusionNode.cpp:218
	src/cybergarage/x3d/ExtrusionNode.cpp:230
	src/cybergarage/x3d/ExtrusionNode.cpp:244
	src/cybergarage/x3d/ExtrusionNode.cpp:265
	src/cybergarage/x3d/ExtrusionNode.cpp:296
	src/cybergarage/x3d/ExtrusionNode.cpp:327
	src/cybergarage/x3d/ExtrusionNode.cpp:358
	src/cybergarage/x3d/ExtrusionNode.cpp:403
	src/cybergarage/x3d/ExtrusionNode.cpp:560
	src/cybergarage/x3d/ExtrusionNode.cpp:720
	src/cybergarage/x3d/ExtrusionNode.cpp:723
	src/cybergarage/x3d/FileGIF89a.cpp:46
	src/cybergarage/x3d/FileGIF89a.cpp:47
	src/cybergarage/x3d/FileGIF89a.cpp:48
	src/cybergarage/x3d/FileGIF89a.cpp:49
	src/cybergarage/x3d/FileGIF89a.cpp:50
	src/cybergarage/x3d/FileGIF89a.cpp:51
	src/cybergarage/x3d/FileGIF89a.cpp:52
	src/cybergarage/x3d/FileGIF89a.cpp:59
	src/cybergarage/x3d/FileGIF89a.cpp:60
	src/cybergarage/x3d/FileGIF89a.cpp:61
	src/cybergarage/x3d/FileGIF89a.cpp:62
	src/cybergarage/x3d/FileGIF89a.cpp:63
	src/cybergarage/x3d/FileGIF89a.cpp:72
	src/cybergarage/x3d/FileGIF89a.cpp:76
	src/cybergarage/x3d/FileGIF89a.cpp:84
	src/cybergarage/x3d/FileGIF89a.cpp:91
	src/cybergarage/x3d/FileGIF89a.cpp:104
	src/cybergarage/x3d/FileGIF89a.cpp:141
	src/cybergarage/x3d/FileGIF89a.cpp:149
	src/cybergarage/x3d/FileGIF89a.cpp:156
	src/cybergarage/x3d/FileGIF89a.cpp:165
	src/cybergarage/x3d/FileGIF89a.cpp:172
	src/cybergarage/x3d/FileGIF89a.cpp:177
	src/cybergarage/x3d/FileGIF89a.cpp:183
	src/cybergarage/x3d/FileImage.cpp:30
	src/cybergarage/x3d/FileJPEG.cpp:69
	src/cybergarage/x3d/FileJPEG.cpp:78
	src/cybergarage/x3d/FilePNG.cpp:27
	src/cybergarage/x3d/FilePNG.cpp:34
	src/cybergarage/x3d/FilePNG.cpp:45
	src/cybergarage/x3d/FilePNG.cpp:50
	src/cybergarage/x3d/FilePNG.cpp:57
	src/cybergarage/x3d/FilePNG.cpp:71
	src/cybergarage/x3d/FileTarga.cpp:61
	src/cybergarage/x3d/FileTarga.cpp:77
	src/cybergarage/x3d/FileTarga.cpp:100
	src/cybergarage/x3d/FileTarga.cpp:103
	src/cybergarage/x3d/FillPropertiesNode.cpp:26
	src/cybergarage/x3d/FillPropertiesNode.cpp:55
	src/cybergarage/x3d/FillPropertiesNode.cpp:76
	src/cybergarage/x3d/FillPropertiesNode.cpp:97
	src/cybergarage/x3d/FillPropertiesNode.cpp:137
	src/cybergarage/x3d/FogNode.cpp:17
	src/cybergarage/x3d/FogNode.cpp:47
	src/cybergarage/x3d/FogNode.cpp:73
	src/cybergarage/x3d/FogNode.cpp:94
	src/cybergarage/x3d/FogNode.cpp:129
	src/cybergarage/x3d/FontStyleNode.cpp:18
	src/cybergarage/x3d/FontStyleNode.cpp:72
	src/cybergarage/x3d/FontStyleNode.cpp:93
	src/cybergarage/x3d/FontStyleNode.cpp:114
	src/cybergarage/x3d/FontStyleNode.cpp:135
	src/cybergarage/x3d/FontStyleNode.cpp:156
	src/cybergarage/x3d/FontStyleNode.cpp:168
	src/cybergarage/x3d/FontStyleNode.cpp:182
	src/cybergarage/x3d/FontStyleNode.cpp:194
	src/cybergarage/x3d/FontStyleNode.cpp:208
	src/cybergarage/x3d/FontStyleNode.cpp:220
	src/cybergarage/x3d/FontStyleNode.cpp:234
	src/cybergarage/x3d/FontStyleNode.cpp:260
	src/cybergarage/x3d/FontStyleNode.cpp:295
	src/cybergarage/x3d/Geometry3DNode.cpp:41
	src/cybergarage/x3d/Geometry3DNode.cpp:67
	src/cybergarage/x3d/GeometryNode.cpp:40
	src/cybergarage/x3d/Grouping2DNode.cpp:23
	src/cybergarage/x3d/Grouping2DNode.cpp:56
	src/cybergarage/x3d/Grouping2DNode.cpp:82
	src/cybergarage/x3d/GroupingNode.cpp:28
	src/cybergarage/x3d/GroupNode.cpp:20
	src/cybergarage/x3d/GroupNode.cpp:45
	src/cybergarage/x3d/ImageTextureNode.cpp:32
	src/cybergarage/x3d/ImageTextureNode.cpp:69
	src/cybergarage/x3d/ImageTextureNode.cpp:108
	src/cybergarage/x3d/ImageTextureNode.cpp:112
	src/cybergarage/x3d/ImageTextureNode.cpp:116
	src/cybergarage/x3d/ImageTextureNode.cpp:127
	src/cybergarage/x3d/ImageTextureNode.cpp:129
	src/cybergarage/x3d/ImageTextureNode.cpp:159
	src/cybergarage/x3d/ImageTextureNode.cpp:217
	src/cybergarage/x3d/IndexedFaceSetNode.cpp:25
	src/cybergarage/x3d/IndexedFaceSetNode.cpp:111
	src/cybergarage/x3d/IndexedFaceSetNode.cpp:123
	src/cybergarage/x3d/IndexedFaceSetNode.cpp:137
	src/cybergarage/x3d/IndexedFaceSetNode.cpp:158
	src/cybergarage/x3d/IndexedFaceSetNode.cpp:184
	src/cybergarage/x3d/IndexedFaceSetNode.cpp:210
	src/cybergarage/x3d/IndexedFaceSetNode.cpp:236
	src/cybergarage/x3d/IndexedFaceSetNode.cpp:265
	src/cybergarage/x3d/IndexedFaceSetNode.cpp:297
	src/cybergarage/x3d/IndexedFaceSetNode.cpp:311
	src/cybergarage/x3d/IndexedFaceSetNode.cpp:325
	src/cybergarage/x3d/IndexedFaceSetNode.cpp:339
	src/cybergarage/x3d/IndexedFaceSetNode.cpp:388
	src/cybergarage/x3d/IndexedFaceSetNode.cpp:392
	src/cybergarage/x3d/IndexedFaceSetNode.cpp:423
	src/cybergarage/x3d/IndexedFaceSetNode.cpp:511
	src/cybergarage/x3d/IndexedFaceSetNode.cpp:519
	src/cybergarage/x3d/IndexedFaceSetNode.cpp:555
	src/cybergarage/x3d/IndexedFaceSetNode.cpp:560
	src/cybergarage/x3d/IndexedFaceSetNode.cpp:561
	src/cybergarage/x3d/IndexedFaceSetNode.cpp:574
	src/cybergarage/x3d/IndexedFaceSetNode.cpp:644
	src/cybergarage/x3d/IndexedFaceSetNode.cpp:656
	src/cybergarage/x3d/IndexedFaceSetNode.cpp:667
	src/cybergarage/x3d/IndexedFaceSetNode.cpp:668
	src/cybergarage/x3d/IndexedFaceSetNode.cpp:676
	src/cybergarage/x3d/IndexedFaceSetNode.cpp:679
	src/cybergarage/x3d/IndexedFaceSetNode.cpp:682
	src/cybergarage/x3d/IndexedFaceSetNode.cpp:805
	src/cybergarage/x3d/IndexedFaceSetNode.cpp:809
	src/cybergarage/x3d/IndexedFaceSetNode.cpp:816
	src/cybergarage/x3d/IndexedFaceSetNode.cpp:856
	src/cybergarage/x3d/IndexedFaceSetNode.cpp:903
	src/cybergarage/x3d/IndexedFaceSetNode.cpp:906
	src/cybergarage/x3d/IndexedLineSetNode.cpp:30
	src/cybergarage/x3d/IndexedLineSetNode.cpp:94
	src/cybergarage/x3d/IndexedLineSetNode.cpp:105
	src/cybergarage/x3d/IndexedLineSetNode.cpp:116
	src/cybergarage/x3d/IndexedLineSetNode.cpp:128
	src/cybergarage/x3d/IndexedLineSetNode.cpp:142
	src/cybergarage/x3d/IndexedLineSetNode.cpp:173
	src/cybergarage/x3d/IndexedLineSetNode.cpp:204
	src/cybergarage/x3d/IndexedLineSetNode.cpp:225
	src/cybergarage/x3d/IndexedLineSetNode.cpp:236
	src/cybergarage/x3d/IndexedLineSetNode.cpp:250
	src/cybergarage/x3d/IndexedLineSetNode.cpp:298
	src/cybergarage/x3d/IndexedLineSetNode.cpp:312
	src/cybergarage/x3d/IndexedLineSetNode.cpp:398
	src/cybergarage/x3d/IndexedLineSetNode.cpp:399
	src/cybergarage/x3d/IndexedLineSetNode.cpp:427
	src/cybergarage/x3d/InlineNode.cpp:28
	src/cybergarage/x3d/InlineNode.cpp:58
	src/cybergarage/x3d/InlineNode.cpp:89
	src/cybergarage/x3d/InlineNode.cpp:129
	src/cybergarage/x3d/InlineNode.cpp:156
	src/cybergarage/x3d/InlineNode.cpp:156
	src/cybergarage/x3d/InlineNode.cpp:193
	src/cybergarage/x3d/IntegerSequencerNode.cpp:18
	src/cybergarage/x3d/IntegerSequencerNode.cpp:40
	src/cybergarage/x3d/IntegerSequencerNode.cpp:66
	src/cybergarage/x3d/IntegerSequencerNode.cpp:87
	src/cybergarage/x3d/IntegerTriggerNode.cpp:21
	src/cybergarage/x3d/IntegerTriggerNode.cpp:25
	src/cybergarage/x3d/IntegerTriggerNode.cpp:47
	src/cybergarage/x3d/IntegerTriggerNode.cpp:73
	src/cybergarage/x3d/IntegerTriggerNode.cpp:94
	src/cybergarage/x3d/IntegerTriggerNode.cpp:115
	src/cybergarage/x3d/InterpolatorNode.cpp:37
	src/cybergarage/x3d/InterpolatorNode.cpp:64
	src/cybergarage/x3d/KeyDeviceSensorNode.cpp:26
	src/cybergarage/x3d/KeyDeviceSensorNode.cpp:30
	src/cybergarage/x3d/KeyDeviceSensorNode.cpp:34
	src/cybergarage/x3d/KeyDeviceSensorNode.cpp:64
	src/cybergarage/x3d/KeyDeviceSensorNode.cpp:76
	src/cybergarage/x3d/KeyDeviceSensorNode.cpp:90
	src/cybergarage/x3d/KeyDeviceSensorNode.cpp:102
	src/cybergarage/x3d/KeyDeviceSensorNode.cpp:116
	src/cybergarage/x3d/KeyDeviceSensorNode.cpp:128
	src/cybergarage/x3d/KeyDeviceSensorNode.cpp:142
	src/cybergarage/x3d/KeyDeviceSensorNode.cpp:163
	src/cybergarage/x3d/KeyDeviceSensorNode.cpp:184
	src/cybergarage/x3d/KeyDeviceSensorNode.cpp:205
	src/cybergarage/x3d/KeySensorNode.cpp:17
	src/cybergarage/x3d/KeySensorNode.cpp:45
	src/cybergarage/x3d/LightNode.cpp:23
	src/cybergarage/x3d/LightNode.cpp:56
	src/cybergarage/x3d/LightNode.cpp:77
	src/cybergarage/x3d/LightNode.cpp:89
	src/cybergarage/x3d/LightNode.cpp:103
	src/cybergarage/x3d/LightNode.cpp:124
	src/cybergarage/x3d/LinePropertiesNode.cpp:25
	src/cybergarage/x3d/LinePropertiesNode.cpp:49
	src/cybergarage/x3d/LinePropertiesNode.cpp:70
	src/cybergarage/x3d/LinePropertiesNode.cpp:105
	src/cybergarage/x3d/LoadSensorNode.cpp:27
	src/cybergarage/x3d/LoadSensorNode.cpp:43
	src/cybergarage/x3d/LoadSensorNode.cpp:51
	src/cybergarage/x3d/LoadSensorNode.cpp:69
	src/cybergarage/x3d/LoadSensorNode.cpp:80
	src/cybergarage/x3d/LoadSensorNode.cpp:106
	src/cybergarage/x3d/LoadSensorNode.cpp:127
	src/cybergarage/x3d/LoadSensorNode.cpp:153
	src/cybergarage/x3d/LoadSensorNode.cpp:179
	src/cybergarage/x3d/LoadSensorNode.cpp:200
	src/cybergarage/x3d/LoadSensorNode.cpp:235
	src/cybergarage/x3d/LODNode.cpp:20
	src/cybergarage/x3d/LODNode.cpp:42
	src/cybergarage/x3d/LODNode.cpp:68
	src/cybergarage/x3d/LODNode.cpp:112
	src/cybergarage/x3d/LODNode.cpp:213
	src/cybergarage/x3d/LODNode.cpp:238
	src/cybergarage/x3d/MaterialNode.cpp:22
	src/cybergarage/x3d/MaterialNode.cpp:66
	src/cybergarage/x3d/MaterialNode.cpp:87
	src/cybergarage/x3d/MaterialNode.cpp:108
	src/cybergarage/x3d/MaterialNode.cpp:129
	src/cybergarage/x3d/MaterialNode.cpp:155
	src/cybergarage/x3d/MaterialNode.cpp:181
	src/cybergarage/x3d/MaterialNode.cpp:221
	src/cybergarage/x3d/MathUtil.cpp:121
	src/cybergarage/x3d/MovieTextureNode.cpp:22
	src/cybergarage/x3d/MovieTextureNode.cpp:34
	src/cybergarage/x3d/MovieTextureNode.cpp:54
	src/cybergarage/x3d/MovieTextureNode.cpp:72
	src/cybergarage/x3d/MovieTextureNode.cpp:103
	src/cybergarage/x3d/MovieTextureNode.cpp:115
	src/cybergarage/x3d/MovieTextureNode.cpp:134
	src/cybergarage/x3d/MovieTextureNode.cpp:155
	src/cybergarage/x3d/MovieTextureNode.cpp:176
	src/cybergarage/x3d/MovieTextureNode.cpp:197
	src/cybergarage/x3d/MovieTextureNode.cpp:223
	src/cybergarage/x3d/MovieTextureNode.cpp:258
	src/cybergarage/x3d/MultiTextureCoordinateNode.cpp:24
	src/cybergarage/x3d/MultiTextureCoordinateNode.cpp:42
	src/cybergarage/x3d/MultiTextureCoordinateNode.cpp:68
	src/cybergarage/x3d/MultiTextureNode.cpp:32
	src/cybergarage/x3d/MultiTextureNode.cpp:84
	src/cybergarage/x3d/MultiTextureNode.cpp:91
	src/cybergarage/x3d/MultiTextureNode.cpp:102
	src/cybergarage/x3d/MultiTextureNode.cpp:128
	src/cybergarage/x3d/MultiTextureNode.cpp:154
	src/cybergarage/x3d/MultiTextureNode.cpp:180
	src/cybergarage/x3d/MultiTextureNode.cpp:206
	src/cybergarage/x3d/MultiTextureNode.cpp:232
	src/cybergarage/x3d/MultiTextureNode.cpp:258
	src/cybergarage/x3d/MultiTextureNode.cpp:293
	src/cybergarage/x3d/MultiTextureTransformNode.cpp:24
	src/cybergarage/x3d/MultiTextureTransformNode.cpp:42
	src/cybergarage/x3d/MultiTextureTransformNode.cpp:68
	src/cybergarage/x3d/NavigationInfoNode.cpp:17
	src/cybergarage/x3d/NavigationInfoNode.cpp:37
	src/cybergarage/x3d/NavigationInfoNode.cpp:55
	src/cybergarage/x3d/NavigationInfoNode.cpp:81
	src/cybergarage/x3d/NavigationInfoNode.cpp:107
	src/cybergarage/x3d/NavigationInfoNode.cpp:119
	src/cybergarage/x3d/NavigationInfoNode.cpp:133
	src/cybergarage/x3d/NavigationInfoNode.cpp:154
	src/cybergarage/x3d/NavigationInfoNode.cpp:175
	src/cybergarage/x3d/Node.cpp:45
	src/cybergarage/x3d/Node.cpp:58
	src/cybergarage/x3d/Node.cpp:135
	src/cybergarage/x3d/Node.cpp:137
	src/cybergarage/x3d/Node.cpp:230
	src/cybergarage/x3d/Node.cpp:254
	src/cybergarage/x3d/Node.cpp:262
	src/cybergarage/x3d/Node.cpp:389
	src/cybergarage/x3d/Node.cpp:705
	src/cybergarage/x3d/Node.cpp:734
	src/cybergarage/x3d/Node.cpp:743
	src/cybergarage/x3d/Node.cpp:842
	src/cybergarage/x3d/Node.cpp:859
	src/cybergarage/x3d/Node.cpp:868
	src/cybergarage/x3d/Node.cpp:931
	src/cybergarage/x3d/Node.cpp:952
	src/cybergarage/x3d/Node.cpp:1099
	src/cybergarage/x3d/Node.cpp:1121
	src/cybergarage/x3d/Node.cpp:1127
	src/cybergarage/x3d/Node.cpp:1137
	src/cybergarage/x3d/Node.cpp:1139
	src/cybergarage/x3d/Node.cpp:1148
	src/cybergarage/x3d/Node.cpp:1157
	src/cybergarage/x3d/Node.cpp:1246
	src/cybergarage/x3d/NodeSequencerNode.cpp:17
	src/cybergarage/x3d/NodeSequencerNode.cpp:39
	src/cybergarage/x3d/NodeSequencerNode.cpp:65
	src/cybergarage/x3d/NodeSequencerNode.cpp:86
	src/cybergarage/x3d/NormalInterpolatorNode.cpp:18
	src/cybergarage/x3d/NormalInterpolatorNode.cpp:40
	src/cybergarage/x3d/NormalInterpolatorNode.cpp:66
	src/cybergarage/x3d/NormalInterpolatorNode.cpp:87
	src/cybergarage/x3d/NormalNode.cpp:22
	src/cybergarage/x3d/NormalNode.cpp:41
	src/cybergarage/x3d/NormalNode.cpp:67
	src/cybergarage/x3d/OrientationInterpolatorNode.cpp:18
	src/cybergarage/x3d/OrientationInterpolatorNode.cpp:40
	src/cybergarage/x3d/OrientationInterpolatorNode.cpp:66
	src/cybergarage/x3d/OrientationInterpolatorNode.cpp:87
	src/cybergarage/x3d/Parser.cpp:24
	src/cybergarage/x3d/Parser.cpp:25
	src/cybergarage/x3d/Parser.cpp:156
	src/cybergarage/x3d/ParserNode.cpp:17
	src/cybergarage/x3d/PixelTextureNode.cpp:22
	src/cybergarage/x3d/PixelTextureNode.cpp:44
	src/cybergarage/x3d/PixelTextureNode.cpp:84
	src/cybergarage/x3d/PlaneSensorNode.cpp:24
	src/cybergarage/x3d/PlaneSensorNode.cpp:54
	src/cybergarage/x3d/PlaneSensorNode.cpp:87
	src/cybergarage/x3d/PlaneSensorNode.cpp:120
	src/cybergarage/x3d/PlaneSensorNode.cpp:141
	src/cybergarage/x3d/PlaneSensorNode.cpp:181
	src/cybergarage/x3d/PlaneSensorNode.cpp:186
	src/cybergarage/x3d/PointLightNode.cpp:23
	src/cybergarage/x3d/PointLightNode.cpp:52
	src/cybergarage/x3d/PointLightNode.cpp:78
	src/cybergarage/x3d/PointLightNode.cpp:99
	src/cybergarage/x3d/PointLightNode.cpp:139
	src/cybergarage/x3d/PointSetNode.cpp:18
	src/cybergarage/x3d/PointSetNode.cpp:48
	src/cybergarage/x3d/PointSetNode.cpp:78
	src/cybergarage/x3d/PointSetNode.cpp:92
	src/cybergarage/x3d/Polyline2DNode.cpp:20
	src/cybergarage/x3d/Polyline2DNode.cpp:42
	src/cybergarage/x3d/Polyline2DNode.cpp:107
	src/cybergarage/x3d/Polypoint2DNode.cpp:20
	src/cybergarage/x3d/Polypoint2DNode.cpp:42
	src/cybergarage/x3d/Polypoint2DNode.cpp:107
	src/cybergarage/x3d/PositionInterpolator2DNode.cpp:18
	src/cybergarage/x3d/PositionInterpolator2DNode.cpp:40
	src/cybergarage/x3d/PositionInterpolator2DNode.cpp:66
	src/cybergarage/x3d/PositionInterpolator2DNode.cpp:87
	src/cybergarage/x3d/PositionInterpolatorNode.cpp:18
	src/cybergarage/x3d/PositionInterpolatorNode.cpp:40
	src/cybergarage/x3d/PositionInterpolatorNode.cpp:66
	src/cybergarage/x3d/PositionInterpolatorNode.cpp:87
	src/cybergarage/x3d/PROTO.cpp:28
	src/cybergarage/x3d/PROTO.cpp:39
	src/cybergarage/x3d/PROTO.cpp:52
	src/cybergarage/x3d/PROTO.cpp:60
	src/cybergarage/x3d/PROTO.cpp:73
	src/cybergarage/x3d/PROTO.cpp:94
	src/cybergarage/x3d/PROTO.cpp:96
	src/cybergarage/x3d/PROTO.cpp:99
	src/cybergarage/x3d/PROTO.cpp:252
	src/cybergarage/x3d/PROTO.cpp:334
	src/cybergarage/x3d/PROTO.cpp:376
	src/cybergarage/x3d/PROTO.cpp:385
	src/cybergarage/x3d/PROTO.cpp:413
	src/cybergarage/x3d/PROTO.cpp:416
	src/cybergarage/x3d/PROTO.cpp:419
	src/cybergarage/x3d/PROTO.cpp:511
	src/cybergarage/x3d/ProximitySensorNode.cpp:24
	src/cybergarage/x3d/ProximitySensorNode.cpp:36
	src/cybergarage/x3d/ProximitySensorNode.cpp:51
	src/cybergarage/x3d/ProximitySensorNode.cpp:77
	src/cybergarage/x3d/ProximitySensorNode.cpp:103
	src/cybergarage/x3d/ProximitySensorNode.cpp:138
	src/cybergarage/x3d/ProximitySensorNode.cpp:162
	src/cybergarage/x3d/ProximitySensorNode.cpp:181
	src/cybergarage/x3d/ProximitySensorNode.cpp:183
	src/cybergarage/x3d/ProximitySensorNode.cpp:211
	src/cybergarage/x3d/ProximitySensorNode.cpp:222
	src/cybergarage/x3d/ProximitySensorNode.cpp:223
	src/cybergarage/x3d/ProximitySensorNode.cpp:227
	src/cybergarage/x3d/Rectangle2DNode.cpp:20
	src/cybergarage/x3d/Rectangle2DNode.cpp:46
	src/cybergarage/x3d/Rectangle2DNode.cpp:97
	src/cybergarage/x3d/Rectangle2DNode.cpp:109
	src/cybergarage/x3d/Rectangle2DNode.cpp:142
	src/cybergarage/x3d/RootNode.cpp:34
	src/cybergarage/x3d/Route.cpp:17
	src/cybergarage/x3d/Route.cpp:27
	src/cybergarage/x3d/Route.cpp:104
	src/cybergarage/x3d/RouteNode.cpp:49
	src/cybergarage/x3d/RouteNode.cpp:70
	src/cybergarage/x3d/RouteNode.cpp:91
	src/cybergarage/x3d/RouteNode.cpp:112
	src/cybergarage/x3d/RouteNode.cpp:141
	src/cybergarage/x3d/ScalarInterpolatorNode.cpp:18
	src/cybergarage/x3d/ScalarInterpolatorNode.cpp:40
	src/cybergarage/x3d/ScalarInterpolatorNode.cpp:66
	src/cybergarage/x3d/ScalarInterpolatorNode.cpp:87
	src/cybergarage/x3d/Scene.cpp:108
	src/cybergarage/x3d/SceneGraph.cpp:24
	src/cybergarage/x3d/SceneGraph.cpp:175
	src/cybergarage/x3d/SceneGraph.cpp:189
	src/cybergarage/x3d/SceneGraph.cpp:196
	src/cybergarage/x3d/SceneGraph.cpp:197
	src/cybergarage/x3d/SceneGraph.cpp:256
	src/cybergarage/x3d/SceneGraph.cpp:284
	src/cybergarage/x3d/SceneGraph.cpp:317
	src/cybergarage/x3d/SceneGraph.cpp:328
	src/cybergarage/x3d/SceneGraph.cpp:335
	src/cybergarage/x3d/SceneGraph.cpp:337
	src/cybergarage/x3d/SceneGraph.cpp:579
	src/cybergarage/x3d/SceneGraph.cpp:584
	src/cybergarage/x3d/SceneGraph.cpp:592
	src/cybergarage/x3d/SceneNode.cpp:20
	src/cybergarage/x3d/ScriptNode.cpp:22
	src/cybergarage/x3d/ScriptNode.cpp:26
	src/cybergarage/x3d/ScriptNode.cpp:30
	src/cybergarage/x3d/ScriptNode.cpp:62
	src/cybergarage/x3d/ScriptNode.cpp:74
	src/cybergarage/x3d/ScriptNode.cpp:88
	src/cybergarage/x3d/ScriptNode.cpp:100
	src/cybergarage/x3d/ScriptNode.cpp:114
	src/cybergarage/x3d/ScriptNode.cpp:159
	src/cybergarage/x3d/ScriptNode.cpp:259
	src/cybergarage/x3d/SensorNode.cpp:22
	src/cybergarage/x3d/SensorNode.cpp:36
	src/cybergarage/x3d/SensorNode.cpp:48
	src/cybergarage/x3d/SensorNode.cpp:67
	src/cybergarage/x3d/SensorNode.cpp:79
	src/cybergarage/x3d/SequencerNode.cpp:37
	src/cybergarage/x3d/SequencerNode.cpp:64
	src/cybergarage/x3d/SFBool.cpp:64
	src/cybergarage/x3d/SFBool.cpp:100
	src/cybergarage/x3d/SFBool.cpp:119
	src/cybergarage/x3d/SFBool.cpp:217
	src/cybergarage/x3d/SFChar.cpp:90
	src/cybergarage/x3d/SFColor.cpp:206
	src/cybergarage/x3d/SFColorRGBA.cpp:219
	src/cybergarage/x3d/SFDouble.cpp:89
	src/cybergarage/x3d/SFFloat.cpp:99
	src/cybergarage/x3d/SFInt32.cpp:99
	src/cybergarage/x3d/SFNode.cpp:98
	src/cybergarage/x3d/SFRotation.cpp:209
	src/cybergarage/x3d/SFString.cpp:108
	src/cybergarage/x3d/SFString.cpp:110
	src/cybergarage/x3d/SFTime.cpp:117
	src/cybergarage/x3d/SFVec2d.cpp:248
	src/cybergarage/x3d/SFVec2f.cpp:259
	src/cybergarage/x3d/SFVec3d.cpp:276
	src/cybergarage/x3d/SFVec3f.cpp:287
	src/cybergarage/x3d/Shape2DNode.cpp:20
	src/cybergarage/x3d/Shape2DNode.cpp:42
	src/cybergarage/x3d/Shape2DNode.cpp:53
	src/cybergarage/x3d/ShapeNode.cpp:20
	src/cybergarage/x3d/ShapeNode.cpp:42
	src/cybergarage/x3d/ShapeNode.cpp:53
	src/cybergarage/x3d/ShapeNode.cpp:94
	src/cybergarage/x3d/ShapeNode.cpp:117
	src/cybergarage/x3d/ShapeNode.cpp:131
	src/cybergarage/x3d/SoundNode.cpp:26
	src/cybergarage/x3d/SoundNode.cpp:88
	src/cybergarage/x3d/SoundNode.cpp:99
	src/cybergarage/x3d/SoundNode.cpp:125
	src/cybergarage/x3d/SoundNode.cpp:151
	src/cybergarage/x3d/SoundNode.cpp:172
	src/cybergarage/x3d/SoundNode.cpp:193
	src/cybergarage/x3d/SoundNode.cpp:214
	src/cybergarage/x3d/SoundNode.cpp:235
	src/cybergarage/x3d/SoundNode.cpp:256
	src/cybergarage/x3d/SoundNode.cpp:277
	src/cybergarage/x3d/SoundNode.cpp:289
	src/cybergarage/x3d/SoundNode.cpp:319
	src/cybergarage/x3d/SoundNode.cpp:353
	src/cybergarage/x3d/SoundNode.cpp:367
	src/cybergarage/x3d/SoundSourceNode.cpp:39
	src/cybergarage/x3d/SoundSourceNode.cpp:57
	src/cybergarage/x3d/SoundSourceNode.cpp:78
	src/cybergarage/x3d/SoundSourceNode.cpp:99
	src/cybergarage/x3d/SoundSourceNode.cpp:125
	src/cybergarage/x3d/SoundSourceNode.cpp:146
	src/cybergarage/x3d/SphereNode.cpp:18
	src/cybergarage/x3d/SphereNode.cpp:46
	src/cybergarage/x3d/SphereNode.cpp:81
	src/cybergarage/x3d/SphereSensorNode.cpp:24
	src/cybergarage/x3d/SphereSensorNode.cpp:46
	src/cybergarage/x3d/SphereSensorNode.cpp:67
	src/cybergarage/x3d/SphereSensorNode.cpp:107
	src/cybergarage/x3d/SphereSensorNode.cpp:112
	src/cybergarage/x3d/SpotLightNode.cpp:66
	src/cybergarage/x3d/SpotLightNode.cpp:92
	src/cybergarage/x3d/SpotLightNode.cpp:118
	src/cybergarage/x3d/SpotLightNode.cpp:139
	src/cybergarage/x3d/SpotLightNode.cpp:165
	src/cybergarage/x3d/SpotLightNode.cpp:186
	src/cybergarage/x3d/SpotLightNode.cpp:221
	src/cybergarage/x3d/StaticGroupNode.cpp:20
	src/cybergarage/x3d/StaticGroupNode.cpp:45
	src/cybergarage/x3d/StringSensorNode.cpp:23
	src/cybergarage/x3d/StringSensorNode.cpp:57
	src/cybergarage/x3d/StringSensorNode.cpp:78
	src/cybergarage/x3d/StringSensorNode.cpp:99
	src/cybergarage/x3d/StringSensorNode.cpp:120
	src/cybergarage/x3d/StringSensorNode.cpp:141
	src/cybergarage/x3d/StringSensorNode.cpp:176
	src/cybergarage/x3d/StringUtil.cpp:312
	src/cybergarage/x3d/SwitchNode.cpp:24
	src/cybergarage/x3d/SwitchNode.cpp:42
	src/cybergarage/x3d/SwitchNode.cpp:80
	src/cybergarage/x3d/SwitchNode.cpp:137
	src/cybergarage/x3d/SwitchNode.cpp:162
	src/cybergarage/x3d/TextNode.cpp:28
	src/cybergarage/x3d/TextNode.cpp:62
	src/cybergarage/x3d/TextNode.cpp:73
	src/cybergarage/x3d/TextNode.cpp:94
	src/cybergarage/x3d/TextNode.cpp:125
	src/cybergarage/x3d/TextNode.cpp:168
	src/cybergarage/x3d/TextNode.cpp:234
	src/cybergarage/x3d/Texture2DNode.cpp:51
	src/cybergarage/x3d/Texture2DNode.cpp:72
	src/cybergarage/x3d/Texture2DNode.cpp:84
	src/cybergarage/x3d/Texture2DNode.cpp:98
	src/cybergarage/x3d/Texture2DNode.cpp:110
	src/cybergarage/x3d/Texture2DNode.cpp:126
	src/cybergarage/x3d/Texture2DNode.cpp:151
	src/cybergarage/x3d/TextureCoordinateGeneratorNode.cpp:20
	src/cybergarage/x3d/TextureCoordinateGeneratorNode.cpp:42
	src/cybergarage/x3d/TextureCoordinateGeneratorNode.cpp:69
	src/cybergarage/x3d/TextureCoordinateGeneratorNode.cpp:104
	src/cybergarage/x3d/TextureCoordinateNode.cpp:22
	src/cybergarage/x3d/TextureCoordinateNode.cpp:41
	src/cybergarage/x3d/TextureCoordinateNode.cpp:67
	src/cybergarage/x3d/TextureTransformNode.cpp:22
	src/cybergarage/x3d/TextureTransformNode.cpp:56
	src/cybergarage/x3d/TextureTransformNode.cpp:82
	src/cybergarage/x3d/TextureTransformNode.cpp:108
	src/cybergarage/x3d/TextureTransformNode.cpp:134
	src/cybergarage/x3d/TextureTransformNode.cpp:169
	src/cybergarage/x3d/TimeSensorNode.cpp:28
	src/cybergarage/x3d/TimeSensorNode.cpp:36
	src/cybergarage/x3d/TimeSensorNode.cpp:68
	src/cybergarage/x3d/TimeSensorNode.cpp:98
	src/cybergarage/x3d/TimeSensorNode.cpp:110
	src/cybergarage/x3d/TimeSensorNode.cpp:129
	src/cybergarage/x3d/TimeSensorNode.cpp:150
	src/cybergarage/x3d/TimeSensorNode.cpp:171
	src/cybergarage/x3d/TimeSensorNode.cpp:192
	src/cybergarage/x3d/TimeSensorNode.cpp:213
	src/cybergarage/x3d/TimeSensorNode.cpp:234
	src/cybergarage/x3d/TimeSensorNode.cpp:255
	src/cybergarage/x3d/TimeSensorNode.cpp:267
	src/cybergarage/x3d/TimeSensorNode.cpp:286
	src/cybergarage/x3d/TimeSensorNode.cpp:307
	src/cybergarage/x3d/TimeSensorNode.cpp:328
	src/cybergarage/x3d/TimeSensorNode.cpp:349
	src/cybergarage/x3d/TimeSensorNode.cpp:384
	src/cybergarage/x3d/TimeSensorNode.cpp:390
	src/cybergarage/x3d/TimeSensorNode.cpp:429
	src/cybergarage/x3d/TimeSensorNode.cpp:430
	src/cybergarage/x3d/TimeSensorNode.cpp:435
	src/cybergarage/x3d/TimeSensorNode.cpp:439
	src/cybergarage/x3d/TimeSensorNode.cpp:444
	src/cybergarage/x3d/TimeSensorNode.cpp:446
	src/cybergarage/x3d/TimeSensorNode.cpp:463
	src/cybergarage/x3d/TimeSensorNode.cpp:465
	src/cybergarage/x3d/TimeSensorNode.cpp:467
	src/cybergarage/x3d/TimeSensorNode.cpp:469
	src/cybergarage/x3d/TimeSensorNode.cpp:471
	src/cybergarage/x3d/TimeSensorNode.cpp:473
	src/cybergarage/x3d/TimeSensorNode.cpp:475
	src/cybergarage/x3d/TimeSensorNode.cpp:478
	src/cybergarage/x3d/TimeSensorNode.cpp:479
	src/cybergarage/x3d/TimeSensorNode.cpp:484
	src/cybergarage/x3d/TimeSensorNode.cpp:484
	src/cybergarage/x3d/TimeTriggerNode.cpp:21
	src/cybergarage/x3d/TimeTriggerNode.cpp:25
	src/cybergarage/x3d/TimeTriggerNode.cpp:43
	src/cybergarage/x3d/TimeTriggerNode.cpp:69
	src/cybergarage/x3d/TimeTriggerNode.cpp:90
	src/cybergarage/x3d/TouchSensorNode.cpp:17
	src/cybergarage/x3d/TouchSensorNode.cpp:33
	src/cybergarage/x3d/TouchSensorNode.cpp:51
	src/cybergarage/x3d/TouchSensorNode.cpp:63
	src/cybergarage/x3d/TouchSensorNode.cpp:82
	src/cybergarage/x3d/TouchSensorNode.cpp:108
	src/cybergarage/x3d/TouchSensorNode.cpp:134
	src/cybergarage/x3d/TouchSensorNode.cpp:160
	src/cybergarage/x3d/TouchSensorNode.cpp:195
	src/cybergarage/x3d/Transform2DNode.cpp:18
	src/cybergarage/x3d/Transform2DNode.cpp:52
	src/cybergarage/x3d/Transform2DNode.cpp:78
	src/cybergarage/x3d/Transform2DNode.cpp:104
	src/cybergarage/x3d/Transform2DNode.cpp:130
	src/cybergarage/x3d/Transform2DNode.cpp:173
	src/cybergarage/x3d/TransformNode.cpp:20
	src/cybergarage/x3d/TransformNode.cpp:59
	src/cybergarage/x3d/TransformNode.cpp:85
	src/cybergarage/x3d/TransformNode.cpp:111
	src/cybergarage/x3d/TransformNode.cpp:137
	src/cybergarage/x3d/TransformNode.cpp:163
	src/cybergarage/x3d/TransformNode.cpp:206
	src/cybergarage/x3d/TriangleFanSetNode.cpp:25
	src/cybergarage/x3d/TriangleFanSetNode.cpp:48
	src/cybergarage/x3d/TriangleFanSetNode.cpp:90
	src/cybergarage/x3d/TriangleSet2DNode.cpp:20
	src/cybergarage/x3d/TriangleSet2DNode.cpp:42
	src/cybergarage/x3d/TriangleSet2DNode.cpp:107
	src/cybergarage/x3d/TriangleSetNode.cpp:23
	src/cybergarage/x3d/TriangleSetNode.cpp:51
	src/cybergarage/x3d/TriangleSetNode.cpp:63
	src/cybergarage/x3d/TriangleSetNode.cpp:77
	src/cybergarage/x3d/TriangleSetNode.cpp:115
	src/cybergarage/x3d/TriangleStripSetNode.cpp:25
	src/cybergarage/x3d/TriangleStripSetNode.cpp:48
	src/cybergarage/x3d/TriangleStripSetNode.cpp:90
	src/cybergarage/x3d/TriggerNode.cpp:39
	src/cybergarage/x3d/TriggerNode.cpp:60
	src/cybergarage/x3d/UrlFile.cpp:175
	src/cybergarage/x3d/UrlFile.cpp:211
	src/cybergarage/x3d/UrlFile.cpp:213
	src/cybergarage/x3d/UrlFile.cpp:215
	src/cybergarage/x3d/ViewpointNode.cpp:17
	src/cybergarage/x3d/ViewpointNode.cpp:56
	src/cybergarage/x3d/ViewpointNode.cpp:68
	src/cybergarage/x3d/ViewpointNode.cpp:82
	src/cybergarage/x3d/ViewpointNode.cpp:103
	src/cybergarage/x3d/ViewpointNode.cpp:123
	src/cybergarage/x3d/ViewpointNode.cpp:149
	src/cybergarage/x3d/ViewpointNode.cpp:243
	src/cybergarage/x3d/VisibilitySensorNode.cpp:24
	src/cybergarage/x3d/VisibilitySensorNode.cpp:52
	src/cybergarage/x3d/VRML97.l:289
	src/cybergarage/x3d/VRML97.yy.cpp:2583
	src/cybergarage/x3d/VRML97Parser.cpp:23
	src/cybergarage/x3d/VRML97Parser.cpp:24
	src/cybergarage/x3d/VRML97Parser.cpp:55
	src/cybergarage/x3d/VRML97Parser.cpp:56
	src/cybergarage/x3d/VRML97Parser.cpp:57
	src/cybergarage/x3d/VRML97Parser.cpp:76
	src/cybergarage/x3d/WorldInfoNode.cpp:20
	src/cybergarage/x3d/WorldInfoNode.cpp:42
	src/cybergarage/x3d/WorldInfoNode.cpp:63
	src/cybergarage/x3d/WorldInfoNode.cpp:103
	src/cybergarage/x3d/X3DParser.cpp:37
	src/cybergarage/x3d/X3DParser.cpp:40
	src/cybergarage/x3d/X3DParser.cpp:41
	src/cybergarage/x3d/X3DParser.cpp:42
	src/cybergarage/x3d/X3DParser.cpp:43
	src/cybergarage/x3d/X3DParser.cpp:44
	src/cybergarage/x3d/X3DParser.cpp:71
	src/cybergarage/x3d/X3DParser.cpp:77
	src/cybergarage/x3d/X3DParser.cpp:99
	src/cybergarage/x3d/X3DParser.cpp:108
	src/cybergarage/x3d/XMLElement.cpp:98
	src/cybergarage/x3d/XMLElement.cpp:100
	src/cybergarage/x3d/XMLNode.cpp:18
	sample/X3DBrowser/X3DBrowserFunc.cpp:228
	sample/X3DBrowser/win32/vc60/X3DBrowser.cpp:109
	sample/X3DBrowser/macx/carbon/main.c:35
	sample/X3DBrowser/macx/carbon/main.c:52
	sample/x3d2vrml/x3d2vrml.cpp:24
	sample/vrml2x3d/vrml2x3d.cpp:24
	include/cybergarage/x3d/Field.h:159
	include/cybergarage/x3d/Field.h:168
	include/cybergarage/x3d/Field.h:173
	include/cybergarage/x3d/Field.h:178
	include/cybergarage/x3d/Field.h:183
	include/cybergarage/x3d/Field.h:188
	include/cybergarage/x3d/Field.h:193
	include/cybergarage/x3d/Field.h:198
	include/cybergarage/x3d/Field.h:203
	include/cybergarage/x3d/Field.h:208
	include/cybergarage/x3d/Field.h:213
	include/cybergarage/x3d/Field.h:218
	include/cybergarage/x3d/Field.h:227
	include/cybergarage/x3d/Field.h:232
	include/cybergarage/x3d/Field.h:237
	include/cybergarage/x3d/Field.h:242
	include/cybergarage/x3d/Field.h:247
	include/cybergarage/x3d/Field.h:252
	include/cybergarage/x3d/Field.h:257
	include/cybergarage/x3d/Field.h:262
	include/cybergarage/x3d/Field.h:267
	include/cybergarage/x3d/Field.h:272
	include/cybergarage/x3d/Field.h:304
	include/cybergarage/x3d/Field.h:319
	include/cybergarage/x3d/FileImage.h:47
	include/cybergarage/x3d/ImageTextureNode.h:92
	include/cybergarage/x3d/LinkedListNode.h:32
	include/cybergarage/x3d/LinkedListNode.h:42
	include/cybergarage/x3d/Node.h:749
	include/cybergarage/x3d/Node.h:759
	include/cybergarage/x3d/Node.h:765
	include/cybergarage/x3d/Node.h:771
	include/cybergarage/x3d/Node.h:777
	include/cybergarage/x3d/Node.h:783
	include/cybergarage/x3d/Node.h:789
	include/cybergarage/x3d/Node.h:795
	include/cybergarage/x3d/Node.h:801
	include/cybergarage/x3d/Node.h:807
	include/cybergarage/x3d/Node.h:1211
	include/cybergarage/x3d/Node.h:1357
	include/cybergarage/x3d/OldCpp.h:17
	include/cybergarage/x3d/ParserResult.h:38
	include/cybergarage/x3d/Vector.h:31
	include/cybergarage/x3d/Vector.h:139
	include/cybergarage/x3d/Vector.h:162
	include/cybergarage/x3d/Vector.h:164
	include/cybergarage/x3d/Vector.h:243
	src/cybergarage/x3d/AnchorNode.cpp:57
	src/cybergarage/x3d/AnchorNode.cpp:216
	src/cybergarage/x3d/AppearanceNode.cpp:121
	src/cybergarage/x3d/AudioClipNode.cpp:66
	src/cybergarage/x3d/AudioClipNode.cpp:243
	src/cybergarage/x3d/AudioClipNode.cpp:244
	src/cybergarage/x3d/AudioClipNode.cpp:245
	src/cybergarage/x3d/AudioClipNode.cpp:246
	src/cybergarage/x3d/AudioClipNode.cpp:248
	src/cybergarage/x3d/AudioClipNode.cpp:250
	src/cybergarage/x3d/AudioClipNode.cpp:251
	src/cybergarage/x3d/BillboardNode.cpp:86
	src/cybergarage/x3d/BindableNode.cpp:18
	src/cybergarage/x3d/BindableNode.cpp:26
	src/cybergarage/x3d/BooleanTimeTriggerNode.cpp:30
	src/cybergarage/x3d/CollisionNode.cpp:27
	src/cybergarage/x3d/CollisionNode.cpp:57
	src/cybergarage/x3d/CollisionNode.cpp:107
	src/cybergarage/x3d/ComposedGeometryNode.cpp:52
	src/cybergarage/x3d/ComposedGeometryNode.cpp:57
	src/cybergarage/x3d/ComposedGeometryNode.cpp:62
	src/cybergarage/x3d/ComposedGeometryNode.cpp:67
	src/cybergarage/x3d/ComposedGeometryNode.cpp:138
	src/cybergarage/x3d/ComposedGeometryNode.cpp:164
	src/cybergarage/x3d/ComposedGeometryNode.cpp:190
	src/cybergarage/x3d/ComposedGeometryNode.cpp:216
	src/cybergarage/x3d/ConeNode.cpp:31
	src/cybergarage/x3d/ConeNode.cpp:35
	src/cybergarage/x3d/ConeNode.cpp:109
	src/cybergarage/x3d/ConeNode.cpp:135
	src/cybergarage/x3d/ConeNode.cpp:201
	src/cybergarage/x3d/ConeNode.cpp:204
	src/cybergarage/x3d/CylinderNode.cpp:30
	src/cybergarage/x3d/CylinderNode.cpp:34
	src/cybergarage/x3d/CylinderNode.cpp:38
	src/cybergarage/x3d/CylinderNode.cpp:112
	src/cybergarage/x3d/CylinderNode.cpp:138
	src/cybergarage/x3d/CylinderNode.cpp:164
	src/cybergarage/x3d/CylinderNode.cpp:230
	src/cybergarage/x3d/CylinderNode.cpp:233
	src/cybergarage/x3d/CylinderNode.cpp:236
	src/cybergarage/x3d/DragSensorNode.cpp:23
	src/cybergarage/x3d/DragSensorNode.cpp:53
	src/cybergarage/x3d/ElevationGridNode.cpp:217
	src/cybergarage/x3d/ElevationGridNode.cpp:313
	src/cybergarage/x3d/ElevationGridNode.cpp:381
	src/cybergarage/x3d/ElevationGridNode.cpp:423
	src/cybergarage/x3d/ElevationGridNode.cpp:426
	src/cybergarage/x3d/ElevationGridNode.cpp:441
	src/cybergarage/x3d/ElevationGridNode.cpp:445
	src/cybergarage/x3d/ElevationGridNode.cpp:454
	src/cybergarage/x3d/ElevationGridNode.cpp:458
	src/cybergarage/x3d/ExtrusionNode.cpp:35
	src/cybergarage/x3d/ExtrusionNode.cpp:39
	src/cybergarage/x3d/ExtrusionNode.cpp:43
	src/cybergarage/x3d/ExtrusionNode.cpp:71
	src/cybergarage/x3d/ExtrusionNode.cpp:76
	src/cybergarage/x3d/ExtrusionNode.cpp:125
	src/cybergarage/x3d/ExtrusionNode.cpp:151
	src/cybergarage/x3d/ExtrusionNode.cpp:177
	src/cybergarage/x3d/ExtrusionNode.cpp:203
	src/cybergarage/x3d/ExtrusionNode.cpp:230
	src/cybergarage/x3d/ExtrusionNode.cpp:414
	src/cybergarage/x3d/ExtrusionNode.cpp:554
	src/cybergarage/x3d/ExtrusionNode.cpp:705
	src/cybergarage/x3d/ExtrusionNode.cpp:712
	src/cybergarage/x3d/FileGIF89a.cpp:54
	src/cybergarage/x3d/FileGIF89a.cpp:65
	src/cybergarage/x3d/FileGIF89a.cpp:99
	src/cybergarage/x3d/FileGIF89a.cpp:234
	src/cybergarage/x3d/FileImage.cpp:28
	src/cybergarage/x3d/FileJPEG.cpp:104
	src/cybergarage/x3d/FilePNG.cpp:26
	src/cybergarage/x3d/FilePNG.cpp:130
	src/cybergarage/x3d/FilePNG.cpp:143
	src/cybergarage/x3d/FileTarga.cpp:92
	src/cybergarage/x3d/FileTarga.cpp:128
	src/cybergarage/x3d/FontStyleNode.cpp:50
	src/cybergarage/x3d/FontStyleNode.cpp:54
	src/cybergarage/x3d/FontStyleNode.cpp:58
	src/cybergarage/x3d/FontStyleNode.cpp:168
	src/cybergarage/x3d/FontStyleNode.cpp:194
	src/cybergarage/x3d/FontStyleNode.cpp:220
	src/cybergarage/x3d/GroupNode.cpp:43
	src/cybergarage/x3d/ImageTextureNode.cpp:123
	src/cybergarage/x3d/ImageTextureNode.cpp:183
	src/cybergarage/x3d/IndexedFaceSetNode.cpp:33
	src/cybergarage/x3d/IndexedFaceSetNode.cpp:123
	src/cybergarage/x3d/IndexedFaceSetNode.cpp:263
	src/cybergarage/x3d/IndexedFaceSetNode.cpp:425
	src/cybergarage/x3d/IndexedFaceSetNode.cpp:481
	src/cybergarage/x3d/IndexedFaceSetNode.cpp:505
	src/cybergarage/x3d/IndexedFaceSetNode.cpp:526
	src/cybergarage/x3d/IndexedFaceSetNode.cpp:527
	src/cybergarage/x3d/IndexedFaceSetNode.cpp:662
	src/cybergarage/x3d/IndexedFaceSetNode.cpp:663
	src/cybergarage/x3d/IndexedFaceSetNode.cpp:833
	src/cybergarage/x3d/IndexedFaceSetNode.cpp:871
	src/cybergarage/x3d/IndexedFaceSetNode.cpp:879
	src/cybergarage/x3d/IndexedFaceSetNode.cpp:925
	src/cybergarage/x3d/IndexedFaceSetNode.cpp:937
	src/cybergarage/x3d/IndexedLineSetNode.cpp:50
	src/cybergarage/x3d/IndexedLineSetNode.cpp:128
	src/cybergarage/x3d/IndexedLineSetNode.cpp:248
	src/cybergarage/x3d/IndexedLineSetNode.cpp:260
	src/cybergarage/x3d/IndexedLineSetNode.cpp:382
	src/cybergarage/x3d/IndexedLineSetNode.cpp:383
	src/cybergarage/x3d/IndexedLineSetNode.cpp:422
	src/cybergarage/x3d/IndexedLineSetNode.cpp:423
	src/cybergarage/x3d/InlineNode.cpp:176
	src/cybergarage/x3d/KeyDeviceSensorNode.cpp:76
	src/cybergarage/x3d/KeyDeviceSensorNode.cpp:102
	src/cybergarage/x3d/KeyDeviceSensorNode.cpp:128
	src/cybergarage/x3d/LightNode.cpp:31
	src/cybergarage/x3d/LightNode.cpp:89
	src/cybergarage/x3d/LoadSensorNode.cpp:35
	src/cybergarage/x3d/LODNode.cpp:110
	src/cybergarage/x3d/LODNode.cpp:215
	src/cybergarage/x3d/LODNode.cpp:236
	src/cybergarage/x3d/MathUtil.cpp:119
	src/cybergarage/x3d/MovieTextureNode.cpp:115
	src/cybergarage/x3d/MultiTextureNode.cpp:36
	src/cybergarage/x3d/MultiTextureNode.cpp:40
	src/cybergarage/x3d/MultiTextureNode.cpp:44
	src/cybergarage/x3d/MultiTextureNode.cpp:48
	src/cybergarage/x3d/NavigationInfoNode.cpp:119
	src/cybergarage/x3d/Node.cpp:52
	src/cybergarage/x3d/Node.cpp:93
	src/cybergarage/x3d/Node.cpp:138
	src/cybergarage/x3d/Node.cpp:234
	src/cybergarage/x3d/Node.cpp:236
	src/cybergarage/x3d/Node.cpp:361
	src/cybergarage/x3d/Node.cpp:362
	src/cybergarage/x3d/Node.cpp:367
	src/cybergarage/x3d/Node.cpp:368
	src/cybergarage/x3d/Node.cpp:373
	src/cybergarage/x3d/Node.cpp:374
	src/cybergarage/x3d/Node.cpp:379
	src/cybergarage/x3d/Node.cpp:380
	src/cybergarage/x3d/Node.cpp:385
	src/cybergarage/x3d/Node.cpp:386
	src/cybergarage/x3d/Node.cpp:734
	src/cybergarage/x3d/Node.cpp:741
	src/cybergarage/x3d/Node.cpp:843
	src/cybergarage/x3d/Node.cpp:855
	src/cybergarage/x3d/Node.cpp:856
	src/cybergarage/x3d/Node.cpp:857
	src/cybergarage/x3d/Node.cpp:865
	src/cybergarage/x3d/Node.cpp:866
	src/cybergarage/x3d/Node.cpp:930
	src/cybergarage/x3d/Node.cpp:948
	src/cybergarage/x3d/Node.cpp:949
	src/cybergarage/x3d/Node.cpp:1076
	src/cybergarage/x3d/Node.cpp:1079
	src/cybergarage/x3d/Node.cpp:1130
	src/cybergarage/x3d/Node.cpp:1136
	src/cybergarage/x3d/Node.cpp:1138
	src/cybergarage/x3d/Node.cpp:1151
	src/cybergarage/x3d/Node.cpp:1156
	src/cybergarage/x3d/Node.cpp:1163
	src/cybergarage/x3d/Node.cpp:1184
	src/cybergarage/x3d/Node.cpp:1203
	src/cybergarage/x3d/Node.cpp:1212
	src/cybergarage/x3d/Node.cpp:1215
	src/cybergarage/x3d/Node.cpp:1407
	src/cybergarage/x3d/Node.cpp:1428
	src/cybergarage/x3d/Parser.cpp:150
	src/cybergarage/x3d/PointSetNode.cpp:46
	src/cybergarage/x3d/PROTO.cpp:31
	src/cybergarage/x3d/PROTO.cpp:33
	src/cybergarage/x3d/PROTO.cpp:35
	src/cybergarage/x3d/PROTO.cpp:37
	src/cybergarage/x3d/PROTO.cpp:57
	src/cybergarage/x3d/PROTO.cpp:66
	src/cybergarage/x3d/PROTO.cpp:68
	src/cybergarage/x3d/PROTO.cpp:70
	src/cybergarage/x3d/PROTO.cpp:72
	src/cybergarage/x3d/PROTO.cpp:98
	src/cybergarage/x3d/PROTO.cpp:123
	src/cybergarage/x3d/PROTO.cpp:125
	src/cybergarage/x3d/PROTO.cpp:248
	src/cybergarage/x3d/PROTO.cpp:334
	src/cybergarage/x3d/PROTO.cpp:384
	src/cybergarage/x3d/PROTO.cpp:393
	src/cybergarage/x3d/PROTO.cpp:413
	src/cybergarage/x3d/PROTO.cpp:416
	src/cybergarage/x3d/PROTO.cpp:418
	src/cybergarage/x3d/PROTO.cpp:474
	src/cybergarage/x3d/ProximitySensorNode.cpp:186
	src/cybergarage/x3d/ProximitySensorNode.cpp:212
	src/cybergarage/x3d/ProximitySensorNode.cpp:213
	src/cybergarage/x3d/ProximitySensorNode.cpp:217
	src/cybergarage/x3d/Rectangle2DNode.cpp:32
	src/cybergarage/x3d/Rectangle2DNode.cpp:109
	src/cybergarage/x3d/RootNode.cpp:17
	src/cybergarage/x3d/RootNode.cpp:32
	src/cybergarage/x3d/Route.cpp:165
	src/cybergarage/x3d/Scene.cpp:65
	src/cybergarage/x3d/Scene.cpp:79
	src/cybergarage/x3d/Scene.cpp:106
	src/cybergarage/x3d/SceneGraph.cpp:205
	src/cybergarage/x3d/SceneGraph.cpp:206
	src/cybergarage/x3d/SceneGraph.cpp:207
	src/cybergarage/x3d/SceneGraph.cpp:208
	src/cybergarage/x3d/SceneGraph.cpp:210
	src/cybergarage/x3d/SceneGraph.cpp:220
	src/cybergarage/x3d/SceneGraph.cpp:275
	src/cybergarage/x3d/SceneGraph.cpp:303
	src/cybergarage/x3d/SceneGraph.cpp:328
	src/cybergarage/x3d/SceneGraph.cpp:352
	src/cybergarage/x3d/SceneGraph.cpp:586
	src/cybergarage/x3d/SceneGraph.cpp:599
	src/cybergarage/x3d/SceneNode.cpp:42
	src/cybergarage/x3d/ScriptNode.cpp:74
	src/cybergarage/x3d/ScriptNode.cpp:100
	src/cybergarage/x3d/ScriptNode.cpp:241
	src/cybergarage/x3d/SensorNode.cpp:18
	src/cybergarage/x3d/SensorNode.cpp:48
	src/cybergarage/x3d/SensorNode.cpp:79
	src/cybergarage/x3d/SFBool.cpp:18
	src/cybergarage/x3d/SFBool.cpp:64
	src/cybergarage/x3d/SFBool.cpp:98
	src/cybergarage/x3d/SFBool.cpp:117
	src/cybergarage/x3d/SFBool.cpp:217
	src/cybergarage/x3d/SFChar.cpp:89
	src/cybergarage/x3d/SFColor.cpp:204
	src/cybergarage/x3d/SFColorRGBA.cpp:217
	src/cybergarage/x3d/SFDouble.cpp:87
	src/cybergarage/x3d/SFFloat.cpp:97
	src/cybergarage/x3d/SFInt32.cpp:97
	src/cybergarage/x3d/SFNode.cpp:96
	src/cybergarage/x3d/SFRotation.cpp:207
	src/cybergarage/x3d/SFString.cpp:106
	src/cybergarage/x3d/SFString.cpp:108
	src/cybergarage/x3d/SFTime.cpp:115
	src/cybergarage/x3d/SFVec2d.cpp:246
	src/cybergarage/x3d/SFVec2f.cpp:257
	src/cybergarage/x3d/SFVec3d.cpp:274
	src/cybergarage/x3d/SFVec3f.cpp:285
	src/cybergarage/x3d/Shape2DNode.cpp:78
	src/cybergarage/x3d/ShapeNode.cpp:92
	src/cybergarage/x3d/SoundNode.cpp:74
	src/cybergarage/x3d/SoundNode.cpp:289
	src/cybergarage/x3d/SoundNode.cpp:317
	src/cybergarage/x3d/StaticGroupNode.cpp:43
	src/cybergarage/x3d/StringUtil.cpp:311
	src/cybergarage/x3d/SwitchNode.cpp:78
	src/cybergarage/x3d/SwitchNode.cpp:139
	src/cybergarage/x3d/SwitchNode.cpp:160
	src/cybergarage/x3d/TextNode.cpp:166
	src/cybergarage/x3d/Texture2DNode.cpp:33
	src/cybergarage/x3d/Texture2DNode.cpp:37
	src/cybergarage/x3d/Texture2DNode.cpp:84
	src/cybergarage/x3d/Texture2DNode.cpp:110
	src/cybergarage/x3d/TimeSensorNode.cpp:110
	src/cybergarage/x3d/TimeSensorNode.cpp:267
	src/cybergarage/x3d/TimeSensorNode.cpp:429
	src/cybergarage/x3d/TimeSensorNode.cpp:435
	src/cybergarage/x3d/TimeSensorNode.cpp:437
	src/cybergarage/x3d/TimeSensorNode.cpp:438
	src/cybergarage/x3d/TimeSensorNode.cpp:440
	src/cybergarage/x3d/TimeSensorNode.cpp:442
	src/cybergarage/x3d/TimeSensorNode.cpp:443
	src/cybergarage/x3d/TimeSensorNode.cpp:445
	src/cybergarage/x3d/TimeSensorNode.cpp:447
	src/cybergarage/x3d/TimeSensorNode.cpp:451
	src/cybergarage/x3d/TimeSensorNode.cpp:460
	src/cybergarage/x3d/TimeSensorNode.cpp:460
	src/cybergarage/x3d/TimeSensorNode.cpp:461
	src/cybergarage/x3d/TouchSensorNode.cpp:63
	src/cybergarage/x3d/Transform2DNode.cpp:171
	src/cybergarage/x3d/TransformNode.cpp:204
	src/cybergarage/x3d/TriangleFanSetNode.cpp:89
	src/cybergarage/x3d/TriangleSetNode.cpp:31
	src/cybergarage/x3d/TriangleSetNode.cpp:63
	src/cybergarage/x3d/TriangleSetNode.cpp:113
	src/cybergarage/x3d/TriangleStripSetNode.cpp:89
	src/cybergarage/x3d/UrlFile.cpp:175
	src/cybergarage/x3d/UrlFile.cpp:215
	src/cybergarage/x3d/ViewpointNode.cpp:41
	src/cybergarage/x3d/ViewpointNode.cpp:68
	src/cybergarage/x3d/VRML97Parser.cpp:76
	src/cybergarage/x3d/X3DParser.cpp:65
	src/cybergarage/x3d/X3DParser.cpp:66
	src/cybergarage/x3d/X3DParser.cpp:76
	src/cybergarage/x3d/X3DParser.cpp:110
	src/cybergarage/x3d/X3DParserHandlers.cpp:31
	src/cybergarage/x3d/X3DParserHandlers.cpp:167
	src/cybergarage/x3d/X3DParserHandlers.cpp:175
	src/cybergarage/x3d/X3DParserHandlers.cpp:193
	src/cybergarage/x3d/X3DParserHandlers.cpp:201
	src/cybergarage/x3d/XMLElement.cpp:96
	src/cybergarage/x3d/XMLElement.cpp:98
	src/cybergarage/x3d/XMLNode.cpp:98
	sample/X3DBrowser/X3DBrowserFunc.cpp:274
	sample/X3DBrowser/X3DBrowserFunc.cpp:276
	sample/X3DBrowser/X3DBrowserFunc.cpp:277
	sample/X3DBrowser/macx/carbon/main.c:42
	sample/X3DBrowser/macx/carbon/main.c:71
	sample/X3DBrowser/macx/carbon/main.c:71
	sample/X3DBrowser/macx/carbon/main.c:151
	sample/x3d2vrml/x3d2vrml.cpp:26
	sample/vrml2x3d/vrml2x3d.cpp:26
	include/cybergarage/x3d/Field.h:168
	include/cybergarage/x3d/Field.h:173
	include/cybergarage/x3d/Field.h:178
	include/cybergarage/x3d/Field.h:183
	include/cybergarage/x3d/Field.h:188
	include/cybergarage/x3d/Field.h:193
	include/cybergarage/x3d/Field.h:198
	include/cybergarage/x3d/Field.h:203
	include/cybergarage/x3d/Field.h:208
	include/cybergarage/x3d/Field.h:213
	include/cybergarage/x3d/Field.h:218
	include/cybergarage/x3d/Field.h:227
	include/cybergarage/x3d/Field.h:232
	include/cybergarage/x3d/Field.h:237
	include/cybergarage/x3d/Field.h:242
	include/cybergarage/x3d/Field.h:247
	include/cybergarage/x3d/Field.h:252
	include/cybergarage/x3d/Field.h:257
	include/cybergarage/x3d/Field.h:262
	include/cybergarage/x3d/Field.h:267
	include/cybergarage/x3d/Field.h:272
	include/cybergarage/x3d/Field.h:287
	include/cybergarage/x3d/Field.h:289
	include/cybergarage/x3d/Field.h:291
	include/cybergarage/x3d/Field.h:293
	include/cybergarage/x3d/Field.h:295
	include/cybergarage/x3d/Field.h:297
	include/cybergarage/x3d/Field.h:299
	include/cybergarage/x3d/Field.h:301
	include/cybergarage/x3d/Field.h:303
	include/cybergarage/x3d/Field.h:310
	include/cybergarage/x3d/Field.h:312
	include/cybergarage/x3d/Field.h:314
	include/cybergarage/x3d/Field.h:316
	include/cybergarage/x3d/Field.h:318
	include/cybergarage/x3d/LinkedList.h:34
	include/cybergarage/x3d/LinkedList.h:107
	include/cybergarage/x3d/Node.h:334
	include/cybergarage/x3d/Node.h:335
	include/cybergarage/x3d/Node.h:748
	include/cybergarage/x3d/Node.h:758
	include/cybergarage/x3d/Node.h:764
	include/cybergarage/x3d/Node.h:770
	include/cybergarage/x3d/Node.h:776
	include/cybergarage/x3d/Node.h:782
	include/cybergarage/x3d/Node.h:788
	include/cybergarage/x3d/Node.h:794
	include/cybergarage/x3d/Node.h:800
	include/cybergarage/x3d/Node.h:806
	include/cybergarage/x3d/Node.h:1210
	include/cybergarage/x3d/Node.h:1357
	include/cybergarage/x3d/OldCpp.h:17
	include/cybergarage/x3d/Parser.h:44
	include/cybergarage/x3d/Parser.h:45
	include/cybergarage/x3d/Scene.h:58
	include/cybergarage/x3d/Scene.h:59
	include/cybergarage/x3d/SceneGraph.h:598
	include/cybergarage/x3d/SceneGraph.h:599
	include/cybergarage/x3d/Vector.h:33
	include/cybergarage/x3d/Vector.h:65
	include/cybergarage/x3d/Vector.h:71
	include/cybergarage/x3d/Vector.h:139
	include/cybergarage/x3d/Vector.h:160
	include/cybergarage/x3d/Vector.h:164
	include/cybergarage/x3d/Vector.h:197
	include/cybergarage/x3d/Vector.h:202
	include/cybergarage/x3d/Vector.h:243
